2018-02-11 11:12:21,928 INFO [com.alibaba.dubbo.common.logger.LoggerFactory] - using logger: com.alibaba.dubbo.common.logger.log4j.Log4jLoggerAdapter
2018-02-11 11:12:22,314 WARN [org.springframework.context.support.ClassPathXmlApplicationContext] - Exception encountered during context initialization - cancelling refresh attempt
org.springframework.beans.factory.BeanCreationException: Error creating bean with name 'sysUserService': Injection of autowired dependencies failed; nested exception is org.springframework.beans.factory.BeanCreationException: Could not autowire field: private bhz.sys.dao.SysUserMapper bhz.sys.service.SysUserService.userDao; nested exception is org.springframework.beans.factory.CannotLoadBeanClassException: Cannot find class [org.mybatis.spring.SqlSessionFactoryBean] for bean with name 'sqlSessionFactory' defined in class path resource [spring-context.xml]; nested exception is java.lang.ClassNotFoundException: org.mybatis.spring.SqlSessionFactoryBean
	at org.springframework.beans.factory.annotation.AutowiredAnnotationBeanPostProcessor.postProcessPropertyValues(AutowiredAnnotationBeanPostProcessor.java:334)
	at org.springframework.beans.factory.support.AbstractAutowireCapableBeanFactory.populateBean(AbstractAutowireCapableBeanFactory.java:1202)
	at org.springframework.beans.factory.support.AbstractAutowireCapableBeanFactory.doCreateBean(AbstractAutowireCapableBeanFactory.java:537)
	at org.springframework.beans.factory.support.AbstractAutowireCapableBeanFactory.createBean(AbstractAutowireCapableBeanFactory.java:476)
	at org.springframework.beans.factory.support.AbstractBeanFactory$1.getObject(AbstractBeanFactory.java:303)
	at org.springframework.beans.factory.support.DefaultSingletonBeanRegistry.getSingleton(DefaultSingletonBeanRegistry.java:230)
	at org.springframework.beans.factory.support.AbstractBeanFactory.doGetBean(AbstractBeanFactory.java:299)
	at org.springframework.beans.factory.support.AbstractBeanFactory.getBean(AbstractBeanFactory.java:194)
	at org.springframework.beans.factory.support.DefaultListableBeanFactory.preInstantiateSingletons(DefaultListableBeanFactory.java:755)
	at org.springframework.context.support.AbstractApplicationContext.finishBeanFactoryInitialization(AbstractApplicationContext.java:757)
	at org.springframework.context.support.AbstractApplicationContext.refresh(AbstractApplicationContext.java:480)
	at org.springframework.context.support.ClassPathXmlApplicationContext.<init>(ClassPathXmlApplicationContext.java:139)
	at org.springframework.context.support.ClassPathXmlApplicationContext.<init>(ClassPathXmlApplicationContext.java:93)
	at bhz.test.Provider.main(Provider.java:9)
Caused by: org.springframework.beans.factory.BeanCreationException: Could not autowire field: private bhz.sys.dao.SysUserMapper bhz.sys.service.SysUserService.userDao; nested exception is org.springframework.beans.factory.CannotLoadBeanClassException: Cannot find class [org.mybatis.spring.SqlSessionFactoryBean] for bean with name 'sqlSessionFactory' defined in class path resource [spring-context.xml]; nested exception is java.lang.ClassNotFoundException: org.mybatis.spring.SqlSessionFactoryBean
	at org.springframework.beans.factory.annotation.AutowiredAnnotationBeanPostProcessor$AutowiredFieldElement.inject(AutowiredAnnotationBeanPostProcessor.java:561)
	at org.springframework.beans.factory.annotation.InjectionMetadata.inject(InjectionMetadata.java:88)
	at org.springframework.beans.factory.annotation.AutowiredAnnotationBeanPostProcessor.postProcessPropertyValues(AutowiredAnnotationBeanPostProcessor.java:331)
	... 13 more
Caused by: org.springframework.beans.factory.CannotLoadBeanClassException: Cannot find class [org.mybatis.spring.SqlSessionFactoryBean] for bean with name 'sqlSessionFactory' defined in class path resource [spring-context.xml]; nested exception is java.lang.ClassNotFoundException: org.mybatis.spring.SqlSessionFactoryBean
	at org.springframework.beans.factory.support.AbstractBeanFactory.resolveBeanClass(AbstractBeanFactory.java:1328)
	at org.springframework.beans.factory.support.AbstractAutowireCapableBeanFactory.determineTargetType(AbstractAutowireCapableBeanFactory.java:622)
	at org.springframework.beans.factory.support.AbstractAutowireCapableBeanFactory.predictBeanType(AbstractAutowireCapableBeanFactory.java:591)
	at org.springframework.beans.factory.support.AbstractBeanFactory.isFactoryBean(AbstractBeanFactory.java:1397)
	at org.springframework.beans.factory.support.DefaultListableBeanFactory.doGetBeanNamesForType(DefaultListableBeanFactory.java:434)
	at org.springframework.beans.factory.support.DefaultListableBeanFactory.getBeanNamesForType(DefaultListableBeanFactory.java:412)
	at org.springframework.beans.factory.BeanFactoryUtils.beanNamesForTypeIncludingAncestors(BeanFactoryUtils.java:187)
	at org.springframework.beans.factory.support.DefaultListableBeanFactory.findAutowireCandidates(DefaultListableBeanFactory.java:1105)
	at org.springframework.beans.factory.support.DefaultListableBeanFactory.doResolveDependency(DefaultListableBeanFactory.java:1044)
	at org.springframework.beans.factory.support.DefaultListableBeanFactory.resolveDependency(DefaultListableBeanFactory.java:942)
	at org.springframework.beans.factory.annotation.AutowiredAnnotationBeanPostProcessor$AutowiredFieldElement.inject(AutowiredAnnotationBeanPostProcessor.java:533)
	... 15 more
Caused by: java.lang.ClassNotFoundException: org.mybatis.spring.SqlSessionFactoryBean
	at java.net.URLClassLoader.findClass(URLClassLoader.java:381)
	at java.lang.ClassLoader.loadClass(ClassLoader.java:424)
	at sun.misc.Launcher$AppClassLoader.loadClass(Launcher.java:331)
	at java.lang.ClassLoader.loadClass(ClassLoader.java:357)
	at org.springframework.util.ClassUtils.forName(ClassUtils.java:249)
	at org.springframework.beans.factory.support.AbstractBeanDefinition.resolveBeanClass(AbstractBeanDefinition.java:395)
	at org.springframework.beans.factory.support.AbstractBeanFactory.doResolveBeanClass(AbstractBeanFactory.java:1349)
	at org.springframework.beans.factory.support.AbstractBeanFactory.resolveBeanClass(AbstractBeanFactory.java:1320)
	... 25 more
2018-02-11 11:12:31,172 INFO [com.alibaba.dubbo.config.AbstractConfig] -  [DUBBO] Run shutdown hook now., dubbo version: 2.8.4, current host: 127.0.0.1
2018-02-11 11:12:31,173 INFO [com.alibaba.dubbo.registry.support.AbstractRegistryFactory] -  [DUBBO] Close all registries [], dubbo version: 2.8.4, current host: 127.0.0.1
2018-02-11 11:24:48,950 INFO [com.alibaba.dubbo.common.logger.LoggerFactory] - using logger: com.alibaba.dubbo.common.logger.log4j.Log4jLoggerAdapter
2018-02-11 11:24:49,657 WARN [org.springframework.beans.factory.support.DefaultListableBeanFactory] - Bean creation exception on FactoryBean type check: org.springframework.beans.factory.BeanCreationException: Error creating bean with name 'sysUserMapper' defined in file [G:\project4learn\bhz\bhz-sys-service\target\classes\bhz\sys\dao\SysUserMapper.class]: Cannot resolve reference to bean 'sqlSessionTemplate' while setting bean property 'sqlSessionTemplate'; nested exception is org.springframework.beans.factory.BeanCreationException: Error creating bean with name 'sqlSessionTemplate' defined in class path resource [spring-context.xml]: Cannot resolve reference to bean 'sqlSessionFactory' while setting constructor argument; nested exception is org.springframework.beans.factory.BeanCreationException: Error creating bean with name 'sqlSessionFactory' defined in class path resource [spring-context.xml]: Invocation of init method failed; nested exception is org.springframework.core.NestedIOException: Failed to parse mapping resource: 'file [G:\project4learn\bhz\bhz-sys-service\target\classes\mappers\SysUserMapper.xml]'; nested exception is org.apache.ibatis.builder.BuilderException: Error parsing Mapper XML. Cause: org.apache.ibatis.builder.BuilderException: Error resolving class. Cause: org.apache.ibatis.type.TypeException: Could not resolve type alias 'SysUser'.  Cause: java.lang.ClassNotFoundException: Cannot find class: SysUser
2018-02-11 11:24:49,659 WARN [org.springframework.context.support.ClassPathXmlApplicationContext] - Exception encountered during context initialization - cancelling refresh attempt
org.springframework.beans.factory.BeanCreationException: Error creating bean with name 'sysUserService': Injection of autowired dependencies failed; nested exception is org.springframework.beans.factory.BeanCreationException: Could not autowire field: private bhz.sys.dao.SysUserMapper bhz.sys.service.SysUserService.userDao; nested exception is org.springframework.beans.factory.NoSuchBeanDefinitionException: No qualifying bean of type [bhz.sys.dao.SysUserMapper] found for dependency: expected at least 1 bean which qualifies as autowire candidate for this dependency. Dependency annotations: {@org.springframework.beans.factory.annotation.Autowired(required=true)}
Related cause: org.springframework.beans.factory.BeanCreationException: Error creating bean with name 'sysUserMapper' defined in file [G:\project4learn\bhz\bhz-sys-service\target\classes\bhz\sys\dao\SysUserMapper.class]: Cannot resolve reference to bean 'sqlSessionTemplate' while setting bean property 'sqlSessionTemplate'; nested exception is org.springframework.beans.factory.BeanCreationException: Error creating bean with name 'sqlSessionTemplate' defined in class path resource [spring-context.xml]: Cannot resolve reference to bean 'sqlSessionFactory' while setting constructor argument; nested exception is org.springframework.beans.factory.BeanCreationException: Error creating bean with name 'sqlSessionFactory' defined in class path resource [spring-context.xml]: Invocation of init method failed; nested exception is org.springframework.core.NestedIOException: Failed to parse mapping resource: 'file [G:\project4learn\bhz\bhz-sys-service\target\classes\mappers\SysUserMapper.xml]'; nested exception is org.apache.ibatis.builder.BuilderException: Error parsing Mapper XML. Cause: org.apache.ibatis.builder.BuilderException: Error resolving class. Cause: org.apache.ibatis.type.TypeException: Could not resolve type alias 'SysUser'.  Cause: java.lang.ClassNotFoundException: Cannot find class: SysUser
	at org.springframework.beans.factory.annotation.AutowiredAnnotationBeanPostProcessor.postProcessPropertyValues(AutowiredAnnotationBeanPostProcessor.java:334)
	at org.springframework.beans.factory.support.AbstractAutowireCapableBeanFactory.populateBean(AbstractAutowireCapableBeanFactory.java:1202)
	at org.springframework.beans.factory.support.AbstractAutowireCapableBeanFactory.doCreateBean(AbstractAutowireCapableBeanFactory.java:537)
	at org.springframework.beans.factory.support.AbstractAutowireCapableBeanFactory.createBean(AbstractAutowireCapableBeanFactory.java:476)
	at org.springframework.beans.factory.support.AbstractBeanFactory$1.getObject(AbstractBeanFactory.java:303)
	at org.springframework.beans.factory.support.DefaultSingletonBeanRegistry.getSingleton(DefaultSingletonBeanRegistry.java:230)
	at org.springframework.beans.factory.support.AbstractBeanFactory.doGetBean(AbstractBeanFactory.java:299)
	at org.springframework.beans.factory.support.AbstractBeanFactory.getBean(AbstractBeanFactory.java:194)
	at org.springframework.beans.factory.support.DefaultListableBeanFactory.preInstantiateSingletons(DefaultListableBeanFactory.java:755)
	at org.springframework.context.support.AbstractApplicationContext.finishBeanFactoryInitialization(AbstractApplicationContext.java:757)
	at org.springframework.context.support.AbstractApplicationContext.refresh(AbstractApplicationContext.java:480)
	at org.springframework.context.support.ClassPathXmlApplicationContext.<init>(ClassPathXmlApplicationContext.java:139)
	at org.springframework.context.support.ClassPathXmlApplicationContext.<init>(ClassPathXmlApplicationContext.java:93)
	at bhz.test.Provider.main(Provider.java:9)
Caused by: org.springframework.beans.factory.BeanCreationException: Could not autowire field: private bhz.sys.dao.SysUserMapper bhz.sys.service.SysUserService.userDao; nested exception is org.springframework.beans.factory.NoSuchBeanDefinitionException: No qualifying bean of type [bhz.sys.dao.SysUserMapper] found for dependency: expected at least 1 bean which qualifies as autowire candidate for this dependency. Dependency annotations: {@org.springframework.beans.factory.annotation.Autowired(required=true)}
	at org.springframework.beans.factory.annotation.AutowiredAnnotationBeanPostProcessor$AutowiredFieldElement.inject(AutowiredAnnotationBeanPostProcessor.java:561)
	at org.springframework.beans.factory.annotation.InjectionMetadata.inject(InjectionMetadata.java:88)
	at org.springframework.beans.factory.annotation.AutowiredAnnotationBeanPostProcessor.postProcessPropertyValues(AutowiredAnnotationBeanPostProcessor.java:331)
	... 13 more
Caused by: org.springframework.beans.factory.NoSuchBeanDefinitionException: No qualifying bean of type [bhz.sys.dao.SysUserMapper] found for dependency: expected at least 1 bean which qualifies as autowire candidate for this dependency. Dependency annotations: {@org.springframework.beans.factory.annotation.Autowired(required=true)}
	at org.springframework.beans.factory.support.DefaultListableBeanFactory.raiseNoSuchBeanDefinitionException(DefaultListableBeanFactory.java:1301)
	at org.springframework.beans.factory.support.DefaultListableBeanFactory.doResolveDependency(DefaultListableBeanFactory.java:1047)
	at org.springframework.beans.factory.support.DefaultListableBeanFactory.resolveDependency(DefaultListableBeanFactory.java:942)
	at org.springframework.beans.factory.annotation.AutowiredAnnotationBeanPostProcessor$AutowiredFieldElement.inject(AutowiredAnnotationBeanPostProcessor.java:533)
	... 15 more
Related cause:
org.springframework.beans.factory.BeanCreationException: Error creating bean with name 'sysUserMapper' defined in file [G:\project4learn\bhz\bhz-sys-service\target\classes\bhz\sys\dao\SysUserMapper.class]: Cannot resolve reference to bean 'sqlSessionTemplate' while setting bean property 'sqlSessionTemplate'; nested exception is org.springframework.beans.factory.BeanCreationException: Error creating bean with name 'sqlSessionTemplate' defined in class path resource [spring-context.xml]: Cannot resolve reference to bean 'sqlSessionFactory' while setting constructor argument; nested exception is org.springframework.beans.factory.BeanCreationException: Error creating bean with name 'sqlSessionFactory' defined in class path resource [spring-context.xml]: Invocation of init method failed; nested exception is org.springframework.core.NestedIOException: Failed to parse mapping resource: 'file [G:\project4learn\bhz\bhz-sys-service\target\classes\mappers\SysUserMapper.xml]'; nested exception is org.apache.ibatis.builder.BuilderException: Error parsing Mapper XML. Cause: org.apache.ibatis.builder.BuilderException: Error resolving class. Cause: org.apache.ibatis.type.TypeException: Could not resolve type alias 'SysUser'.  Cause: java.lang.ClassNotFoundException: Cannot find class: SysUser
	at org.springframework.beans.factory.support.BeanDefinitionValueResolver.resolveReference(BeanDefinitionValueResolver.java:359)
	at org.springframework.beans.factory.support.BeanDefinitionValueResolver.resolveValueIfNecessary(BeanDefinitionValueResolver.java:108)
	at org.springframework.beans.factory.support.AbstractAutowireCapableBeanFactory.applyPropertyValues(AbstractAutowireCapableBeanFactory.java:1469)
	at org.springframework.beans.factory.support.AbstractAutowireCapableBeanFactory.populateBean(AbstractAutowireCapableBeanFactory.java:1214)
	at org.springframework.beans.factory.support.AbstractAutowireCapableBeanFactory.doCreateBean(AbstractAutowireCapableBeanFactory.java:537)
	at org.springframework.beans.factory.support.AbstractAutowireCapableBeanFactory.createBean(AbstractAutowireCapableBeanFactory.java:476)
	at org.springframework.beans.factory.support.AbstractBeanFactory$1.getObject(AbstractBeanFactory.java:303)
	at org.springframework.beans.factory.support.DefaultSingletonBeanRegistry.getSingleton(DefaultSingletonBeanRegistry.java:230)
	at org.springframework.beans.factory.support.AbstractBeanFactory.doGetBean(AbstractBeanFactory.java:299)
	at org.springframework.beans.factory.support.AbstractBeanFactory.getTypeForFactoryBean(AbstractBeanFactory.java:1421)
	at org.springframework.beans.factory.support.AbstractAutowireCapableBeanFactory.getTypeForFactoryBean(AbstractAutowireCapableBeanFactory.java:802)
	at org.springframework.beans.factory.support.AbstractBeanFactory.isTypeMatch(AbstractBeanFactory.java:542)
	at org.springframework.beans.factory.support.DefaultListableBeanFactory.doGetBeanNamesForType(DefaultListableBeanFactory.java:436)
	at org.springframework.beans.factory.support.DefaultListableBeanFactory.getBeanNamesForType(DefaultListableBeanFactory.java:412)
	at org.springframework.beans.factory.BeanFactoryUtils.beanNamesForTypeIncludingAncestors(BeanFactoryUtils.java:187)
	at org.springframework.beans.factory.support.DefaultListableBeanFactory.findAutowireCandidates(DefaultListableBeanFactory.java:1105)
	at org.springframework.beans.factory.support.DefaultListableBeanFactory.doResolveDependency(DefaultListableBeanFactory.java:1044)
	at org.springframework.beans.factory.support.DefaultListableBeanFactory.resolveDependency(DefaultListableBeanFactory.java:942)
	at org.springframework.beans.factory.annotation.AutowiredAnnotationBeanPostProcessor$AutowiredFieldElement.inject(AutowiredAnnotationBeanPostProcessor.java:533)
	at org.springframework.beans.factory.annotation.InjectionMetadata.inject(InjectionMetadata.java:88)
	at org.springframework.beans.factory.annotation.AutowiredAnnotationBeanPostProcessor.postProcessPropertyValues(AutowiredAnnotationBeanPostProcessor.java:331)
	at org.springframework.beans.factory.support.AbstractAutowireCapableBeanFactory.populateBean(AbstractAutowireCapableBeanFactory.java:1202)
	at org.springframework.beans.factory.support.AbstractAutowireCapableBeanFactory.doCreateBean(AbstractAutowireCapableBeanFactory.java:537)
	at org.springframework.beans.factory.support.AbstractAutowireCapableBeanFactory.createBean(AbstractAutowireCapableBeanFactory.java:476)
	at org.springframework.beans.factory.support.AbstractBeanFactory$1.getObject(AbstractBeanFactory.java:303)
	at org.springframework.beans.factory.support.DefaultSingletonBeanRegistry.getSingleton(DefaultSingletonBeanRegistry.java:230)
	at org.springframework.beans.factory.support.AbstractBeanFactory.doGetBean(AbstractBeanFactory.java:299)
	at org.springframework.beans.factory.support.AbstractBeanFactory.getBean(AbstractBeanFactory.java:194)
	at org.springframework.beans.factory.support.DefaultListableBeanFactory.preInstantiateSingletons(DefaultListableBeanFactory.java:755)
	at org.springframework.context.support.AbstractApplicationContext.finishBeanFactoryInitialization(AbstractApplicationContext.java:757)
	at org.springframework.context.support.AbstractApplicationContext.refresh(AbstractApplicationContext.java:480)
	at org.springframework.context.support.ClassPathXmlApplicationContext.<init>(ClassPathXmlApplicationContext.java:139)
	at org.springframework.context.support.ClassPathXmlApplicationContext.<init>(ClassPathXmlApplicationContext.java:93)
	at bhz.test.Provider.main(Provider.java:9)
Caused by: org.springframework.beans.factory.BeanCreationException: Error creating bean with name 'sqlSessionTemplate' defined in class path resource [spring-context.xml]: Cannot resolve reference to bean 'sqlSessionFactory' while setting constructor argument; nested exception is org.springframework.beans.factory.BeanCreationException: Error creating bean with name 'sqlSessionFactory' defined in class path resource [spring-context.xml]: Invocation of init method failed; nested exception is org.springframework.core.NestedIOException: Failed to parse mapping resource: 'file [G:\project4learn\bhz\bhz-sys-service\target\classes\mappers\SysUserMapper.xml]'; nested exception is org.apache.ibatis.builder.BuilderException: Error parsing Mapper XML. Cause: org.apache.ibatis.builder.BuilderException: Error resolving class. Cause: org.apache.ibatis.type.TypeException: Could not resolve type alias 'SysUser'.  Cause: java.lang.ClassNotFoundException: Cannot find class: SysUser
	at org.springframework.beans.factory.support.BeanDefinitionValueResolver.resolveReference(BeanDefinitionValueResolver.java:359)
	at org.springframework.beans.factory.support.BeanDefinitionValueResolver.resolveValueIfNecessary(BeanDefinitionValueResolver.java:108)
	at org.springframework.beans.factory.support.ConstructorResolver.resolveConstructorArguments(ConstructorResolver.java:634)
	at org.springframework.beans.factory.support.ConstructorResolver.autowireConstructor(ConstructorResolver.java:140)
	at org.springframework.beans.factory.support.AbstractAutowireCapableBeanFactory.autowireConstructor(AbstractAutowireCapableBeanFactory.java:1131)
	at org.springframework.beans.factory.support.AbstractAutowireCapableBeanFactory.createBeanInstance(AbstractAutowireCapableBeanFactory.java:1034)
	at org.springframework.beans.factory.support.AbstractAutowireCapableBeanFactory.doCreateBean(AbstractAutowireCapableBeanFactory.java:504)
	at org.springframework.beans.factory.support.AbstractAutowireCapableBeanFactory.createBean(AbstractAutowireCapableBeanFactory.java:476)
	at org.springframework.beans.factory.support.AbstractBeanFactory$1.getObject(AbstractBeanFactory.java:303)
	at org.springframework.beans.factory.support.DefaultSingletonBeanRegistry.getSingleton(DefaultSingletonBeanRegistry.java:230)
	at org.springframework.beans.factory.support.AbstractBeanFactory.doGetBean(AbstractBeanFactory.java:299)
	at org.springframework.beans.factory.support.AbstractBeanFactory.getBean(AbstractBeanFactory.java:194)
	at org.springframework.beans.factory.support.BeanDefinitionValueResolver.resolveReference(BeanDefinitionValueResolver.java:351)
	... 33 more
Caused by: org.springframework.beans.factory.BeanCreationException: Error creating bean with name 'sqlSessionFactory' defined in class path resource [spring-context.xml]: Invocation of init method failed; nested exception is org.springframework.core.NestedIOException: Failed to parse mapping resource: 'file [G:\project4learn\bhz\bhz-sys-service\target\classes\mappers\SysUserMapper.xml]'; nested exception is org.apache.ibatis.builder.BuilderException: Error parsing Mapper XML. Cause: org.apache.ibatis.builder.BuilderException: Error resolving class. Cause: org.apache.ibatis.type.TypeException: Could not resolve type alias 'SysUser'.  Cause: java.lang.ClassNotFoundException: Cannot find class: SysUser
	at org.springframework.beans.factory.support.AbstractAutowireCapableBeanFactory.initializeBean(AbstractAutowireCapableBeanFactory.java:1566)
	at org.springframework.beans.factory.support.AbstractAutowireCapableBeanFactory.doCreateBean(AbstractAutowireCapableBeanFactory.java:539)
	at org.springframework.beans.factory.support.AbstractAutowireCapableBeanFactory.createBean(AbstractAutowireCapableBeanFactory.java:476)
	at org.springframework.beans.factory.support.AbstractBeanFactory$1.getObject(AbstractBeanFactory.java:303)
	at org.springframework.beans.factory.support.DefaultSingletonBeanRegistry.getSingleton(DefaultSingletonBeanRegistry.java:230)
	at org.springframework.beans.factory.support.AbstractBeanFactory.doGetBean(AbstractBeanFactory.java:299)
	at org.springframework.beans.factory.support.AbstractBeanFactory.getBean(AbstractBeanFactory.java:194)
	at org.springframework.beans.factory.support.BeanDefinitionValueResolver.resolveReference(BeanDefinitionValueResolver.java:351)
	... 45 more
Caused by: org.springframework.core.NestedIOException: Failed to parse mapping resource: 'file [G:\project4learn\bhz\bhz-sys-service\target\classes\mappers\SysUserMapper.xml]'; nested exception is org.apache.ibatis.builder.BuilderException: Error parsing Mapper XML. Cause: org.apache.ibatis.builder.BuilderException: Error resolving class. Cause: org.apache.ibatis.type.TypeException: Could not resolve type alias 'SysUser'.  Cause: java.lang.ClassNotFoundException: Cannot find class: SysUser
	at org.mybatis.spring.SqlSessionFactoryBean.buildSqlSessionFactory(SqlSessionFactoryBean.java:468)
	at org.mybatis.spring.SqlSessionFactoryBean.afterPropertiesSet(SqlSessionFactoryBean.java:343)
	at org.springframework.beans.factory.support.AbstractAutowireCapableBeanFactory.invokeInitMethods(AbstractAutowireCapableBeanFactory.java:1625)
	at org.springframework.beans.factory.support.AbstractAutowireCapableBeanFactory.initializeBean(AbstractAutowireCapableBeanFactory.java:1562)
	... 52 more
Caused by: org.apache.ibatis.builder.BuilderException: Error parsing Mapper XML. Cause: org.apache.ibatis.builder.BuilderException: Error resolving class. Cause: org.apache.ibatis.type.TypeException: Could not resolve type alias 'SysUser'.  Cause: java.lang.ClassNotFoundException: Cannot find class: SysUser
	at org.apache.ibatis.builder.xml.XMLMapperBuilder.configurationElement(XMLMapperBuilder.java:120)
	at org.apache.ibatis.builder.xml.XMLMapperBuilder.parse(XMLMapperBuilder.java:92)
	at org.mybatis.spring.SqlSessionFactoryBean.buildSqlSessionFactory(SqlSessionFactoryBean.java:466)
	... 55 more
Caused by: org.apache.ibatis.builder.BuilderException: Error resolving class. Cause: org.apache.ibatis.type.TypeException: Could not resolve type alias 'SysUser'.  Cause: java.lang.ClassNotFoundException: Cannot find class: SysUser
	at org.apache.ibatis.builder.BaseBuilder.resolveClass(BaseBuilder.java:118)
	at org.apache.ibatis.builder.xml.XMLMapperBuilder.resultMapElement(XMLMapperBuilder.java:265)
	at org.apache.ibatis.builder.xml.XMLMapperBuilder.resultMapElement(XMLMapperBuilder.java:252)
	at org.apache.ibatis.builder.xml.XMLMapperBuilder.resultMapElements(XMLMapperBuilder.java:244)
	at org.apache.ibatis.builder.xml.XMLMapperBuilder.configurationElement(XMLMapperBuilder.java:116)
	... 57 more
Caused by: org.apache.ibatis.type.TypeException: Could not resolve type alias 'SysUser'.  Cause: java.lang.ClassNotFoundException: Cannot find class: SysUser
	at org.apache.ibatis.type.TypeAliasRegistry.resolveAlias(TypeAliasRegistry.java:120)
	at org.apache.ibatis.builder.BaseBuilder.resolveAlias(BaseBuilder.java:149)
	at org.apache.ibatis.builder.BaseBuilder.resolveClass(BaseBuilder.java:116)
	... 61 more
Caused by: java.lang.ClassNotFoundException: Cannot find class: SysUser
	at org.apache.ibatis.io.ClassLoaderWrapper.classForName(ClassLoaderWrapper.java:200)
	at org.apache.ibatis.io.ClassLoaderWrapper.classForName(ClassLoaderWrapper.java:89)
	at org.apache.ibatis.io.Resources.classForName(Resources.java:261)
	at org.apache.ibatis.type.TypeAliasRegistry.resolveAlias(TypeAliasRegistry.java:116)
	... 63 more
2018-02-11 11:25:26,665 INFO [com.alibaba.dubbo.common.logger.LoggerFactory] - using logger: com.alibaba.dubbo.common.logger.log4j.Log4jLoggerAdapter
2018-02-11 11:25:27,115 WARN [org.springframework.beans.factory.support.DefaultListableBeanFactory] - Bean creation exception on FactoryBean type check: org.springframework.beans.factory.BeanCreationException: Error creating bean with name 'sysUserMapper' defined in file [G:\project4learn\bhz\bhz-sys-service\target\classes\bhz\sys\dao\SysUserMapper.class]: Cannot resolve reference to bean 'sqlSessionTemplate' while setting bean property 'sqlSessionTemplate'; nested exception is org.springframework.beans.factory.BeanCreationException: Error creating bean with name 'sqlSessionTemplate' defined in class path resource [spring-context.xml]: Cannot resolve reference to bean 'sqlSessionFactory' while setting constructor argument; nested exception is org.springframework.beans.factory.BeanCreationException: Error creating bean with name 'sqlSessionFactory' defined in class path resource [spring-context.xml]: Invocation of init method failed; nested exception is org.springframework.core.NestedIOException: Failed to parse mapping resource: 'file [G:\project4learn\bhz\bhz-sys-service\target\classes\mappers\SysUserMapper.xml]'; nested exception is org.apache.ibatis.builder.BuilderException: Error parsing Mapper XML. Cause: org.apache.ibatis.builder.BuilderException: Error resolving class. Cause: org.apache.ibatis.type.TypeException: Could not resolve type alias 'SysUser'.  Cause: java.lang.ClassNotFoundException: Cannot find class: SysUser
2018-02-11 11:25:27,116 WARN [org.springframework.context.support.ClassPathXmlApplicationContext] - Exception encountered during context initialization - cancelling refresh attempt
org.springframework.beans.factory.BeanCreationException: Error creating bean with name 'sysUserService': Injection of autowired dependencies failed; nested exception is org.springframework.beans.factory.BeanCreationException: Could not autowire field: private bhz.sys.dao.SysUserMapper bhz.sys.service.SysUserService.userDao; nested exception is org.springframework.beans.factory.NoSuchBeanDefinitionException: No qualifying bean of type [bhz.sys.dao.SysUserMapper] found for dependency: expected at least 1 bean which qualifies as autowire candidate for this dependency. Dependency annotations: {@org.springframework.beans.factory.annotation.Autowired(required=true)}
Related cause: org.springframework.beans.factory.BeanCreationException: Error creating bean with name 'sysUserMapper' defined in file [G:\project4learn\bhz\bhz-sys-service\target\classes\bhz\sys\dao\SysUserMapper.class]: Cannot resolve reference to bean 'sqlSessionTemplate' while setting bean property 'sqlSessionTemplate'; nested exception is org.springframework.beans.factory.BeanCreationException: Error creating bean with name 'sqlSessionTemplate' defined in class path resource [spring-context.xml]: Cannot resolve reference to bean 'sqlSessionFactory' while setting constructor argument; nested exception is org.springframework.beans.factory.BeanCreationException: Error creating bean with name 'sqlSessionFactory' defined in class path resource [spring-context.xml]: Invocation of init method failed; nested exception is org.springframework.core.NestedIOException: Failed to parse mapping resource: 'file [G:\project4learn\bhz\bhz-sys-service\target\classes\mappers\SysUserMapper.xml]'; nested exception is org.apache.ibatis.builder.BuilderException: Error parsing Mapper XML. Cause: org.apache.ibatis.builder.BuilderException: Error resolving class. Cause: org.apache.ibatis.type.TypeException: Could not resolve type alias 'SysUser'.  Cause: java.lang.ClassNotFoundException: Cannot find class: SysUser
	at org.springframework.beans.factory.annotation.AutowiredAnnotationBeanPostProcessor.postProcessPropertyValues(AutowiredAnnotationBeanPostProcessor.java:334)
	at org.springframework.beans.factory.support.AbstractAutowireCapableBeanFactory.populateBean(AbstractAutowireCapableBeanFactory.java:1202)
	at org.springframework.beans.factory.support.AbstractAutowireCapableBeanFactory.doCreateBean(AbstractAutowireCapableBeanFactory.java:537)
	at org.springframework.beans.factory.support.AbstractAutowireCapableBeanFactory.createBean(AbstractAutowireCapableBeanFactory.java:476)
	at org.springframework.beans.factory.support.AbstractBeanFactory$1.getObject(AbstractBeanFactory.java:303)
	at org.springframework.beans.factory.support.DefaultSingletonBeanRegistry.getSingleton(DefaultSingletonBeanRegistry.java:230)
	at org.springframework.beans.factory.support.AbstractBeanFactory.doGetBean(AbstractBeanFactory.java:299)
	at org.springframework.beans.factory.support.AbstractBeanFactory.getBean(AbstractBeanFactory.java:194)
	at org.springframework.beans.factory.support.DefaultListableBeanFactory.preInstantiateSingletons(DefaultListableBeanFactory.java:755)
	at org.springframework.context.support.AbstractApplicationContext.finishBeanFactoryInitialization(AbstractApplicationContext.java:757)
	at org.springframework.context.support.AbstractApplicationContext.refresh(AbstractApplicationContext.java:480)
	at org.springframework.context.support.ClassPathXmlApplicationContext.<init>(ClassPathXmlApplicationContext.java:139)
	at org.springframework.context.support.ClassPathXmlApplicationContext.<init>(ClassPathXmlApplicationContext.java:93)
	at bhz.test.Provider.main(Provider.java:9)
Caused by: org.springframework.beans.factory.BeanCreationException: Could not autowire field: private bhz.sys.dao.SysUserMapper bhz.sys.service.SysUserService.userDao; nested exception is org.springframework.beans.factory.NoSuchBeanDefinitionException: No qualifying bean of type [bhz.sys.dao.SysUserMapper] found for dependency: expected at least 1 bean which qualifies as autowire candidate for this dependency. Dependency annotations: {@org.springframework.beans.factory.annotation.Autowired(required=true)}
	at org.springframework.beans.factory.annotation.AutowiredAnnotationBeanPostProcessor$AutowiredFieldElement.inject(AutowiredAnnotationBeanPostProcessor.java:561)
	at org.springframework.beans.factory.annotation.InjectionMetadata.inject(InjectionMetadata.java:88)
	at org.springframework.beans.factory.annotation.AutowiredAnnotationBeanPostProcessor.postProcessPropertyValues(AutowiredAnnotationBeanPostProcessor.java:331)
	... 13 more
Caused by: org.springframework.beans.factory.NoSuchBeanDefinitionException: No qualifying bean of type [bhz.sys.dao.SysUserMapper] found for dependency: expected at least 1 bean which qualifies as autowire candidate for this dependency. Dependency annotations: {@org.springframework.beans.factory.annotation.Autowired(required=true)}
	at org.springframework.beans.factory.support.DefaultListableBeanFactory.raiseNoSuchBeanDefinitionException(DefaultListableBeanFactory.java:1301)
	at org.springframework.beans.factory.support.DefaultListableBeanFactory.doResolveDependency(DefaultListableBeanFactory.java:1047)
	at org.springframework.beans.factory.support.DefaultListableBeanFactory.resolveDependency(DefaultListableBeanFactory.java:942)
	at org.springframework.beans.factory.annotation.AutowiredAnnotationBeanPostProcessor$AutowiredFieldElement.inject(AutowiredAnnotationBeanPostProcessor.java:533)
	... 15 more
Related cause:
org.springframework.beans.factory.BeanCreationException: Error creating bean with name 'sysUserMapper' defined in file [G:\project4learn\bhz\bhz-sys-service\target\classes\bhz\sys\dao\SysUserMapper.class]: Cannot resolve reference to bean 'sqlSessionTemplate' while setting bean property 'sqlSessionTemplate'; nested exception is org.springframework.beans.factory.BeanCreationException: Error creating bean with name 'sqlSessionTemplate' defined in class path resource [spring-context.xml]: Cannot resolve reference to bean 'sqlSessionFactory' while setting constructor argument; nested exception is org.springframework.beans.factory.BeanCreationException: Error creating bean with name 'sqlSessionFactory' defined in class path resource [spring-context.xml]: Invocation of init method failed; nested exception is org.springframework.core.NestedIOException: Failed to parse mapping resource: 'file [G:\project4learn\bhz\bhz-sys-service\target\classes\mappers\SysUserMapper.xml]'; nested exception is org.apache.ibatis.builder.BuilderException: Error parsing Mapper XML. Cause: org.apache.ibatis.builder.BuilderException: Error resolving class. Cause: org.apache.ibatis.type.TypeException: Could not resolve type alias 'SysUser'.  Cause: java.lang.ClassNotFoundException: Cannot find class: SysUser
	at org.springframework.beans.factory.support.BeanDefinitionValueResolver.resolveReference(BeanDefinitionValueResolver.java:359)
	at org.springframework.beans.factory.support.BeanDefinitionValueResolver.resolveValueIfNecessary(BeanDefinitionValueResolver.java:108)
	at org.springframework.beans.factory.support.AbstractAutowireCapableBeanFactory.applyPropertyValues(AbstractAutowireCapableBeanFactory.java:1469)
	at org.springframework.beans.factory.support.AbstractAutowireCapableBeanFactory.populateBean(AbstractAutowireCapableBeanFactory.java:1214)
	at org.springframework.beans.factory.support.AbstractAutowireCapableBeanFactory.doCreateBean(AbstractAutowireCapableBeanFactory.java:537)
	at org.springframework.beans.factory.support.AbstractAutowireCapableBeanFactory.createBean(AbstractAutowireCapableBeanFactory.java:476)
	at org.springframework.beans.factory.support.AbstractBeanFactory$1.getObject(AbstractBeanFactory.java:303)
	at org.springframework.beans.factory.support.DefaultSingletonBeanRegistry.getSingleton(DefaultSingletonBeanRegistry.java:230)
	at org.springframework.beans.factory.support.AbstractBeanFactory.doGetBean(AbstractBeanFactory.java:299)
	at org.springframework.beans.factory.support.AbstractBeanFactory.getTypeForFactoryBean(AbstractBeanFactory.java:1421)
	at org.springframework.beans.factory.support.AbstractAutowireCapableBeanFactory.getTypeForFactoryBean(AbstractAutowireCapableBeanFactory.java:802)
	at org.springframework.beans.factory.support.AbstractBeanFactory.isTypeMatch(AbstractBeanFactory.java:542)
	at org.springframework.beans.factory.support.DefaultListableBeanFactory.doGetBeanNamesForType(DefaultListableBeanFactory.java:436)
	at org.springframework.beans.factory.support.DefaultListableBeanFactory.getBeanNamesForType(DefaultListableBeanFactory.java:412)
	at org.springframework.beans.factory.BeanFactoryUtils.beanNamesForTypeIncludingAncestors(BeanFactoryUtils.java:187)
	at org.springframework.beans.factory.support.DefaultListableBeanFactory.findAutowireCandidates(DefaultListableBeanFactory.java:1105)
	at org.springframework.beans.factory.support.DefaultListableBeanFactory.doResolveDependency(DefaultListableBeanFactory.java:1044)
	at org.springframework.beans.factory.support.DefaultListableBeanFactory.resolveDependency(DefaultListableBeanFactory.java:942)
	at org.springframework.beans.factory.annotation.AutowiredAnnotationBeanPostProcessor$AutowiredFieldElement.inject(AutowiredAnnotationBeanPostProcessor.java:533)
	at org.springframework.beans.factory.annotation.InjectionMetadata.inject(InjectionMetadata.java:88)
	at org.springframework.beans.factory.annotation.AutowiredAnnotationBeanPostProcessor.postProcessPropertyValues(AutowiredAnnotationBeanPostProcessor.java:331)
	at org.springframework.beans.factory.support.AbstractAutowireCapableBeanFactory.populateBean(AbstractAutowireCapableBeanFactory.java:1202)
	at org.springframework.beans.factory.support.AbstractAutowireCapableBeanFactory.doCreateBean(AbstractAutowireCapableBeanFactory.java:537)
	at org.springframework.beans.factory.support.AbstractAutowireCapableBeanFactory.createBean(AbstractAutowireCapableBeanFactory.java:476)
	at org.springframework.beans.factory.support.AbstractBeanFactory$1.getObject(AbstractBeanFactory.java:303)
	at org.springframework.beans.factory.support.DefaultSingletonBeanRegistry.getSingleton(DefaultSingletonBeanRegistry.java:230)
	at org.springframework.beans.factory.support.AbstractBeanFactory.doGetBean(AbstractBeanFactory.java:299)
	at org.springframework.beans.factory.support.AbstractBeanFactory.getBean(AbstractBeanFactory.java:194)
	at org.springframework.beans.factory.support.DefaultListableBeanFactory.preInstantiateSingletons(DefaultListableBeanFactory.java:755)
	at org.springframework.context.support.AbstractApplicationContext.finishBeanFactoryInitialization(AbstractApplicationContext.java:757)
	at org.springframework.context.support.AbstractApplicationContext.refresh(AbstractApplicationContext.java:480)
	at org.springframework.context.support.ClassPathXmlApplicationContext.<init>(ClassPathXmlApplicationContext.java:139)
	at org.springframework.context.support.ClassPathXmlApplicationContext.<init>(ClassPathXmlApplicationContext.java:93)
	at bhz.test.Provider.main(Provider.java:9)
Caused by: org.springframework.beans.factory.BeanCreationException: Error creating bean with name 'sqlSessionTemplate' defined in class path resource [spring-context.xml]: Cannot resolve reference to bean 'sqlSessionFactory' while setting constructor argument; nested exception is org.springframework.beans.factory.BeanCreationException: Error creating bean with name 'sqlSessionFactory' defined in class path resource [spring-context.xml]: Invocation of init method failed; nested exception is org.springframework.core.NestedIOException: Failed to parse mapping resource: 'file [G:\project4learn\bhz\bhz-sys-service\target\classes\mappers\SysUserMapper.xml]'; nested exception is org.apache.ibatis.builder.BuilderException: Error parsing Mapper XML. Cause: org.apache.ibatis.builder.BuilderException: Error resolving class. Cause: org.apache.ibatis.type.TypeException: Could not resolve type alias 'SysUser'.  Cause: java.lang.ClassNotFoundException: Cannot find class: SysUser
	at org.springframework.beans.factory.support.BeanDefinitionValueResolver.resolveReference(BeanDefinitionValueResolver.java:359)
	at org.springframework.beans.factory.support.BeanDefinitionValueResolver.resolveValueIfNecessary(BeanDefinitionValueResolver.java:108)
	at org.springframework.beans.factory.support.ConstructorResolver.resolveConstructorArguments(ConstructorResolver.java:634)
	at org.springframework.beans.factory.support.ConstructorResolver.autowireConstructor(ConstructorResolver.java:140)
	at org.springframework.beans.factory.support.AbstractAutowireCapableBeanFactory.autowireConstructor(AbstractAutowireCapableBeanFactory.java:1131)
	at org.springframework.beans.factory.support.AbstractAutowireCapableBeanFactory.createBeanInstance(AbstractAutowireCapableBeanFactory.java:1034)
	at org.springframework.beans.factory.support.AbstractAutowireCapableBeanFactory.doCreateBean(AbstractAutowireCapableBeanFactory.java:504)
	at org.springframework.beans.factory.support.AbstractAutowireCapableBeanFactory.createBean(AbstractAutowireCapableBeanFactory.java:476)
	at org.springframework.beans.factory.support.AbstractBeanFactory$1.getObject(AbstractBeanFactory.java:303)
	at org.springframework.beans.factory.support.DefaultSingletonBeanRegistry.getSingleton(DefaultSingletonBeanRegistry.java:230)
	at org.springframework.beans.factory.support.AbstractBeanFactory.doGetBean(AbstractBeanFactory.java:299)
	at org.springframework.beans.factory.support.AbstractBeanFactory.getBean(AbstractBeanFactory.java:194)
	at org.springframework.beans.factory.support.BeanDefinitionValueResolver.resolveReference(BeanDefinitionValueResolver.java:351)
	... 33 more
Caused by: org.springframework.beans.factory.BeanCreationException: Error creating bean with name 'sqlSessionFactory' defined in class path resource [spring-context.xml]: Invocation of init method failed; nested exception is org.springframework.core.NestedIOException: Failed to parse mapping resource: 'file [G:\project4learn\bhz\bhz-sys-service\target\classes\mappers\SysUserMapper.xml]'; nested exception is org.apache.ibatis.builder.BuilderException: Error parsing Mapper XML. Cause: org.apache.ibatis.builder.BuilderException: Error resolving class. Cause: org.apache.ibatis.type.TypeException: Could not resolve type alias 'SysUser'.  Cause: java.lang.ClassNotFoundException: Cannot find class: SysUser
	at org.springframework.beans.factory.support.AbstractAutowireCapableBeanFactory.initializeBean(AbstractAutowireCapableBeanFactory.java:1566)
	at org.springframework.beans.factory.support.AbstractAutowireCapableBeanFactory.doCreateBean(AbstractAutowireCapableBeanFactory.java:539)
	at org.springframework.beans.factory.support.AbstractAutowireCapableBeanFactory.createBean(AbstractAutowireCapableBeanFactory.java:476)
	at org.springframework.beans.factory.support.AbstractBeanFactory$1.getObject(AbstractBeanFactory.java:303)
	at org.springframework.beans.factory.support.DefaultSingletonBeanRegistry.getSingleton(DefaultSingletonBeanRegistry.java:230)
	at org.springframework.beans.factory.support.AbstractBeanFactory.doGetBean(AbstractBeanFactory.java:299)
	at org.springframework.beans.factory.support.AbstractBeanFactory.getBean(AbstractBeanFactory.java:194)
	at org.springframework.beans.factory.support.BeanDefinitionValueResolver.resolveReference(BeanDefinitionValueResolver.java:351)
	... 45 more
Caused by: org.springframework.core.NestedIOException: Failed to parse mapping resource: 'file [G:\project4learn\bhz\bhz-sys-service\target\classes\mappers\SysUserMapper.xml]'; nested exception is org.apache.ibatis.builder.BuilderException: Error parsing Mapper XML. Cause: org.apache.ibatis.builder.BuilderException: Error resolving class. Cause: org.apache.ibatis.type.TypeException: Could not resolve type alias 'SysUser'.  Cause: java.lang.ClassNotFoundException: Cannot find class: SysUser
	at org.mybatis.spring.SqlSessionFactoryBean.buildSqlSessionFactory(SqlSessionFactoryBean.java:468)
	at org.mybatis.spring.SqlSessionFactoryBean.afterPropertiesSet(SqlSessionFactoryBean.java:343)
	at org.springframework.beans.factory.support.AbstractAutowireCapableBeanFactory.invokeInitMethods(AbstractAutowireCapableBeanFactory.java:1625)
	at org.springframework.beans.factory.support.AbstractAutowireCapableBeanFactory.initializeBean(AbstractAutowireCapableBeanFactory.java:1562)
	... 52 more
Caused by: org.apache.ibatis.builder.BuilderException: Error parsing Mapper XML. Cause: org.apache.ibatis.builder.BuilderException: Error resolving class. Cause: org.apache.ibatis.type.TypeException: Could not resolve type alias 'SysUser'.  Cause: java.lang.ClassNotFoundException: Cannot find class: SysUser
	at org.apache.ibatis.builder.xml.XMLMapperBuilder.configurationElement(XMLMapperBuilder.java:120)
	at org.apache.ibatis.builder.xml.XMLMapperBuilder.parse(XMLMapperBuilder.java:92)
	at org.mybatis.spring.SqlSessionFactoryBean.buildSqlSessionFactory(SqlSessionFactoryBean.java:466)
	... 55 more
Caused by: org.apache.ibatis.builder.BuilderException: Error resolving class. Cause: org.apache.ibatis.type.TypeException: Could not resolve type alias 'SysUser'.  Cause: java.lang.ClassNotFoundException: Cannot find class: SysUser
	at org.apache.ibatis.builder.BaseBuilder.resolveClass(BaseBuilder.java:118)
	at org.apache.ibatis.builder.xml.XMLMapperBuilder.resultMapElement(XMLMapperBuilder.java:265)
	at org.apache.ibatis.builder.xml.XMLMapperBuilder.resultMapElement(XMLMapperBuilder.java:252)
	at org.apache.ibatis.builder.xml.XMLMapperBuilder.resultMapElements(XMLMapperBuilder.java:244)
	at org.apache.ibatis.builder.xml.XMLMapperBuilder.configurationElement(XMLMapperBuilder.java:116)
	... 57 more
Caused by: org.apache.ibatis.type.TypeException: Could not resolve type alias 'SysUser'.  Cause: java.lang.ClassNotFoundException: Cannot find class: SysUser
	at org.apache.ibatis.type.TypeAliasRegistry.resolveAlias(TypeAliasRegistry.java:120)
	at org.apache.ibatis.builder.BaseBuilder.resolveAlias(BaseBuilder.java:149)
	at org.apache.ibatis.builder.BaseBuilder.resolveClass(BaseBuilder.java:116)
	... 61 more
Caused by: java.lang.ClassNotFoundException: Cannot find class: SysUser
	at org.apache.ibatis.io.ClassLoaderWrapper.classForName(ClassLoaderWrapper.java:200)
	at org.apache.ibatis.io.ClassLoaderWrapper.classForName(ClassLoaderWrapper.java:89)
	at org.apache.ibatis.io.Resources.classForName(Resources.java:261)
	at org.apache.ibatis.type.TypeAliasRegistry.resolveAlias(TypeAliasRegistry.java:116)
	... 63 more
2018-02-11 11:25:36,372 INFO [com.alibaba.dubbo.config.AbstractConfig] -  [DUBBO] Run shutdown hook now., dubbo version: 2.8.4, current host: 127.0.0.1
2018-02-11 11:25:36,375 INFO [com.alibaba.dubbo.registry.support.AbstractRegistryFactory] -  [DUBBO] Close all registries [], dubbo version: 2.8.4, current host: 127.0.0.1
2018-02-11 11:27:18,710 INFO [com.alibaba.dubbo.common.logger.LoggerFactory] - using logger: com.alibaba.dubbo.common.logger.log4j.Log4jLoggerAdapter
2018-02-11 11:27:19,154 WARN [org.springframework.beans.factory.support.DefaultListableBeanFactory] - Bean creation exception on FactoryBean type check: org.springframework.beans.factory.BeanCreationException: Error creating bean with name 'sysUserMapper' defined in file [G:\project4learn\bhz\bhz-sys-service\target\classes\bhz\sys\dao\SysUserMapper.class]: Cannot resolve reference to bean 'sqlSessionTemplate' while setting bean property 'sqlSessionTemplate'; nested exception is org.springframework.beans.factory.BeanCreationException: Error creating bean with name 'sqlSessionTemplate' defined in class path resource [spring-context.xml]: Cannot resolve reference to bean 'sqlSessionFactory' while setting constructor argument; nested exception is org.springframework.beans.factory.BeanCreationException: Error creating bean with name 'sqlSessionFactory' defined in class path resource [spring-context.xml]: Invocation of init method failed; nested exception is org.springframework.core.NestedIOException: Failed to parse mapping resource: 'file [G:\project4learn\bhz\bhz-sys-service\target\classes\mappers\SysUserMapper.xml]'; nested exception is org.apache.ibatis.builder.BuilderException: Error parsing Mapper XML. Cause: org.apache.ibatis.builder.BuilderException: Error resolving class. Cause: org.apache.ibatis.type.TypeException: Could not resolve type alias 'SysUser'.  Cause: java.lang.ClassNotFoundException: Cannot find class: SysUser
2018-02-11 11:27:19,155 WARN [org.springframework.context.support.ClassPathXmlApplicationContext] - Exception encountered during context initialization - cancelling refresh attempt
org.springframework.beans.factory.BeanCreationException: Error creating bean with name 'sysUserService': Injection of autowired dependencies failed; nested exception is org.springframework.beans.factory.BeanCreationException: Could not autowire field: private bhz.sys.dao.SysUserMapper bhz.sys.service.SysUserService.userDao; nested exception is org.springframework.beans.factory.NoSuchBeanDefinitionException: No qualifying bean of type [bhz.sys.dao.SysUserMapper] found for dependency: expected at least 1 bean which qualifies as autowire candidate for this dependency. Dependency annotations: {@org.springframework.beans.factory.annotation.Autowired(required=true)}
Related cause: org.springframework.beans.factory.BeanCreationException: Error creating bean with name 'sysUserMapper' defined in file [G:\project4learn\bhz\bhz-sys-service\target\classes\bhz\sys\dao\SysUserMapper.class]: Cannot resolve reference to bean 'sqlSessionTemplate' while setting bean property 'sqlSessionTemplate'; nested exception is org.springframework.beans.factory.BeanCreationException: Error creating bean with name 'sqlSessionTemplate' defined in class path resource [spring-context.xml]: Cannot resolve reference to bean 'sqlSessionFactory' while setting constructor argument; nested exception is org.springframework.beans.factory.BeanCreationException: Error creating bean with name 'sqlSessionFactory' defined in class path resource [spring-context.xml]: Invocation of init method failed; nested exception is org.springframework.core.NestedIOException: Failed to parse mapping resource: 'file [G:\project4learn\bhz\bhz-sys-service\target\classes\mappers\SysUserMapper.xml]'; nested exception is org.apache.ibatis.builder.BuilderException: Error parsing Mapper XML. Cause: org.apache.ibatis.builder.BuilderException: Error resolving class. Cause: org.apache.ibatis.type.TypeException: Could not resolve type alias 'SysUser'.  Cause: java.lang.ClassNotFoundException: Cannot find class: SysUser
	at org.springframework.beans.factory.annotation.AutowiredAnnotationBeanPostProcessor.postProcessPropertyValues(AutowiredAnnotationBeanPostProcessor.java:334)
	at org.springframework.beans.factory.support.AbstractAutowireCapableBeanFactory.populateBean(AbstractAutowireCapableBeanFactory.java:1202)
	at org.springframework.beans.factory.support.AbstractAutowireCapableBeanFactory.doCreateBean(AbstractAutowireCapableBeanFactory.java:537)
	at org.springframework.beans.factory.support.AbstractAutowireCapableBeanFactory.createBean(AbstractAutowireCapableBeanFactory.java:476)
	at org.springframework.beans.factory.support.AbstractBeanFactory$1.getObject(AbstractBeanFactory.java:303)
	at org.springframework.beans.factory.support.DefaultSingletonBeanRegistry.getSingleton(DefaultSingletonBeanRegistry.java:230)
	at org.springframework.beans.factory.support.AbstractBeanFactory.doGetBean(AbstractBeanFactory.java:299)
	at org.springframework.beans.factory.support.AbstractBeanFactory.getBean(AbstractBeanFactory.java:194)
	at org.springframework.beans.factory.support.DefaultListableBeanFactory.preInstantiateSingletons(DefaultListableBeanFactory.java:755)
	at org.springframework.context.support.AbstractApplicationContext.finishBeanFactoryInitialization(AbstractApplicationContext.java:757)
	at org.springframework.context.support.AbstractApplicationContext.refresh(AbstractApplicationContext.java:480)
	at org.springframework.context.support.ClassPathXmlApplicationContext.<init>(ClassPathXmlApplicationContext.java:139)
	at org.springframework.context.support.ClassPathXmlApplicationContext.<init>(ClassPathXmlApplicationContext.java:93)
	at bhz.test.Provider.main(Provider.java:9)
Caused by: org.springframework.beans.factory.BeanCreationException: Could not autowire field: private bhz.sys.dao.SysUserMapper bhz.sys.service.SysUserService.userDao; nested exception is org.springframework.beans.factory.NoSuchBeanDefinitionException: No qualifying bean of type [bhz.sys.dao.SysUserMapper] found for dependency: expected at least 1 bean which qualifies as autowire candidate for this dependency. Dependency annotations: {@org.springframework.beans.factory.annotation.Autowired(required=true)}
	at org.springframework.beans.factory.annotation.AutowiredAnnotationBeanPostProcessor$AutowiredFieldElement.inject(AutowiredAnnotationBeanPostProcessor.java:561)
	at org.springframework.beans.factory.annotation.InjectionMetadata.inject(InjectionMetadata.java:88)
	at org.springframework.beans.factory.annotation.AutowiredAnnotationBeanPostProcessor.postProcessPropertyValues(AutowiredAnnotationBeanPostProcessor.java:331)
	... 13 more
Caused by: org.springframework.beans.factory.NoSuchBeanDefinitionException: No qualifying bean of type [bhz.sys.dao.SysUserMapper] found for dependency: expected at least 1 bean which qualifies as autowire candidate for this dependency. Dependency annotations: {@org.springframework.beans.factory.annotation.Autowired(required=true)}
	at org.springframework.beans.factory.support.DefaultListableBeanFactory.raiseNoSuchBeanDefinitionException(DefaultListableBeanFactory.java:1301)
	at org.springframework.beans.factory.support.DefaultListableBeanFactory.doResolveDependency(DefaultListableBeanFactory.java:1047)
	at org.springframework.beans.factory.support.DefaultListableBeanFactory.resolveDependency(DefaultListableBeanFactory.java:942)
	at org.springframework.beans.factory.annotation.AutowiredAnnotationBeanPostProcessor$AutowiredFieldElement.inject(AutowiredAnnotationBeanPostProcessor.java:533)
	... 15 more
Related cause:
org.springframework.beans.factory.BeanCreationException: Error creating bean with name 'sysUserMapper' defined in file [G:\project4learn\bhz\bhz-sys-service\target\classes\bhz\sys\dao\SysUserMapper.class]: Cannot resolve reference to bean 'sqlSessionTemplate' while setting bean property 'sqlSessionTemplate'; nested exception is org.springframework.beans.factory.BeanCreationException: Error creating bean with name 'sqlSessionTemplate' defined in class path resource [spring-context.xml]: Cannot resolve reference to bean 'sqlSessionFactory' while setting constructor argument; nested exception is org.springframework.beans.factory.BeanCreationException: Error creating bean with name 'sqlSessionFactory' defined in class path resource [spring-context.xml]: Invocation of init method failed; nested exception is org.springframework.core.NestedIOException: Failed to parse mapping resource: 'file [G:\project4learn\bhz\bhz-sys-service\target\classes\mappers\SysUserMapper.xml]'; nested exception is org.apache.ibatis.builder.BuilderException: Error parsing Mapper XML. Cause: org.apache.ibatis.builder.BuilderException: Error resolving class. Cause: org.apache.ibatis.type.TypeException: Could not resolve type alias 'SysUser'.  Cause: java.lang.ClassNotFoundException: Cannot find class: SysUser
	at org.springframework.beans.factory.support.BeanDefinitionValueResolver.resolveReference(BeanDefinitionValueResolver.java:359)
	at org.springframework.beans.factory.support.BeanDefinitionValueResolver.resolveValueIfNecessary(BeanDefinitionValueResolver.java:108)
	at org.springframework.beans.factory.support.AbstractAutowireCapableBeanFactory.applyPropertyValues(AbstractAutowireCapableBeanFactory.java:1469)
	at org.springframework.beans.factory.support.AbstractAutowireCapableBeanFactory.populateBean(AbstractAutowireCapableBeanFactory.java:1214)
	at org.springframework.beans.factory.support.AbstractAutowireCapableBeanFactory.doCreateBean(AbstractAutowireCapableBeanFactory.java:537)
	at org.springframework.beans.factory.support.AbstractAutowireCapableBeanFactory.createBean(AbstractAutowireCapableBeanFactory.java:476)
	at org.springframework.beans.factory.support.AbstractBeanFactory$1.getObject(AbstractBeanFactory.java:303)
	at org.springframework.beans.factory.support.DefaultSingletonBeanRegistry.getSingleton(DefaultSingletonBeanRegistry.java:230)
	at org.springframework.beans.factory.support.AbstractBeanFactory.doGetBean(AbstractBeanFactory.java:299)
	at org.springframework.beans.factory.support.AbstractBeanFactory.getTypeForFactoryBean(AbstractBeanFactory.java:1421)
	at org.springframework.beans.factory.support.AbstractAutowireCapableBeanFactory.getTypeForFactoryBean(AbstractAutowireCapableBeanFactory.java:802)
	at org.springframework.beans.factory.support.AbstractBeanFactory.isTypeMatch(AbstractBeanFactory.java:542)
	at org.springframework.beans.factory.support.DefaultListableBeanFactory.doGetBeanNamesForType(DefaultListableBeanFactory.java:436)
	at org.springframework.beans.factory.support.DefaultListableBeanFactory.getBeanNamesForType(DefaultListableBeanFactory.java:412)
	at org.springframework.beans.factory.BeanFactoryUtils.beanNamesForTypeIncludingAncestors(BeanFactoryUtils.java:187)
	at org.springframework.beans.factory.support.DefaultListableBeanFactory.findAutowireCandidates(DefaultListableBeanFactory.java:1105)
	at org.springframework.beans.factory.support.DefaultListableBeanFactory.doResolveDependency(DefaultListableBeanFactory.java:1044)
	at org.springframework.beans.factory.support.DefaultListableBeanFactory.resolveDependency(DefaultListableBeanFactory.java:942)
	at org.springframework.beans.factory.annotation.AutowiredAnnotationBeanPostProcessor$AutowiredFieldElement.inject(AutowiredAnnotationBeanPostProcessor.java:533)
	at org.springframework.beans.factory.annotation.InjectionMetadata.inject(InjectionMetadata.java:88)
	at org.springframework.beans.factory.annotation.AutowiredAnnotationBeanPostProcessor.postProcessPropertyValues(AutowiredAnnotationBeanPostProcessor.java:331)
	at org.springframework.beans.factory.support.AbstractAutowireCapableBeanFactory.populateBean(AbstractAutowireCapableBeanFactory.java:1202)
	at org.springframework.beans.factory.support.AbstractAutowireCapableBeanFactory.doCreateBean(AbstractAutowireCapableBeanFactory.java:537)
	at org.springframework.beans.factory.support.AbstractAutowireCapableBeanFactory.createBean(AbstractAutowireCapableBeanFactory.java:476)
	at org.springframework.beans.factory.support.AbstractBeanFactory$1.getObject(AbstractBeanFactory.java:303)
	at org.springframework.beans.factory.support.DefaultSingletonBeanRegistry.getSingleton(DefaultSingletonBeanRegistry.java:230)
	at org.springframework.beans.factory.support.AbstractBeanFactory.doGetBean(AbstractBeanFactory.java:299)
	at org.springframework.beans.factory.support.AbstractBeanFactory.getBean(AbstractBeanFactory.java:194)
	at org.springframework.beans.factory.support.DefaultListableBeanFactory.preInstantiateSingletons(DefaultListableBeanFactory.java:755)
	at org.springframework.context.support.AbstractApplicationContext.finishBeanFactoryInitialization(AbstractApplicationContext.java:757)
	at org.springframework.context.support.AbstractApplicationContext.refresh(AbstractApplicationContext.java:480)
	at org.springframework.context.support.ClassPathXmlApplicationContext.<init>(ClassPathXmlApplicationContext.java:139)
	at org.springframework.context.support.ClassPathXmlApplicationContext.<init>(ClassPathXmlApplicationContext.java:93)
	at bhz.test.Provider.main(Provider.java:9)
Caused by: org.springframework.beans.factory.BeanCreationException: Error creating bean with name 'sqlSessionTemplate' defined in class path resource [spring-context.xml]: Cannot resolve reference to bean 'sqlSessionFactory' while setting constructor argument; nested exception is org.springframework.beans.factory.BeanCreationException: Error creating bean with name 'sqlSessionFactory' defined in class path resource [spring-context.xml]: Invocation of init method failed; nested exception is org.springframework.core.NestedIOException: Failed to parse mapping resource: 'file [G:\project4learn\bhz\bhz-sys-service\target\classes\mappers\SysUserMapper.xml]'; nested exception is org.apache.ibatis.builder.BuilderException: Error parsing Mapper XML. Cause: org.apache.ibatis.builder.BuilderException: Error resolving class. Cause: org.apache.ibatis.type.TypeException: Could not resolve type alias 'SysUser'.  Cause: java.lang.ClassNotFoundException: Cannot find class: SysUser
	at org.springframework.beans.factory.support.BeanDefinitionValueResolver.resolveReference(BeanDefinitionValueResolver.java:359)
	at org.springframework.beans.factory.support.BeanDefinitionValueResolver.resolveValueIfNecessary(BeanDefinitionValueResolver.java:108)
	at org.springframework.beans.factory.support.ConstructorResolver.resolveConstructorArguments(ConstructorResolver.java:634)
	at org.springframework.beans.factory.support.ConstructorResolver.autowireConstructor(ConstructorResolver.java:140)
	at org.springframework.beans.factory.support.AbstractAutowireCapableBeanFactory.autowireConstructor(AbstractAutowireCapableBeanFactory.java:1131)
	at org.springframework.beans.factory.support.AbstractAutowireCapableBeanFactory.createBeanInstance(AbstractAutowireCapableBeanFactory.java:1034)
	at org.springframework.beans.factory.support.AbstractAutowireCapableBeanFactory.doCreateBean(AbstractAutowireCapableBeanFactory.java:504)
	at org.springframework.beans.factory.support.AbstractAutowireCapableBeanFactory.createBean(AbstractAutowireCapableBeanFactory.java:476)
	at org.springframework.beans.factory.support.AbstractBeanFactory$1.getObject(AbstractBeanFactory.java:303)
	at org.springframework.beans.factory.support.DefaultSingletonBeanRegistry.getSingleton(DefaultSingletonBeanRegistry.java:230)
	at org.springframework.beans.factory.support.AbstractBeanFactory.doGetBean(AbstractBeanFactory.java:299)
	at org.springframework.beans.factory.support.AbstractBeanFactory.getBean(AbstractBeanFactory.java:194)
	at org.springframework.beans.factory.support.BeanDefinitionValueResolver.resolveReference(BeanDefinitionValueResolver.java:351)
	... 33 more
Caused by: org.springframework.beans.factory.BeanCreationException: Error creating bean with name 'sqlSessionFactory' defined in class path resource [spring-context.xml]: Invocation of init method failed; nested exception is org.springframework.core.NestedIOException: Failed to parse mapping resource: 'file [G:\project4learn\bhz\bhz-sys-service\target\classes\mappers\SysUserMapper.xml]'; nested exception is org.apache.ibatis.builder.BuilderException: Error parsing Mapper XML. Cause: org.apache.ibatis.builder.BuilderException: Error resolving class. Cause: org.apache.ibatis.type.TypeException: Could not resolve type alias 'SysUser'.  Cause: java.lang.ClassNotFoundException: Cannot find class: SysUser
	at org.springframework.beans.factory.support.AbstractAutowireCapableBeanFactory.initializeBean(AbstractAutowireCapableBeanFactory.java:1566)
	at org.springframework.beans.factory.support.AbstractAutowireCapableBeanFactory.doCreateBean(AbstractAutowireCapableBeanFactory.java:539)
	at org.springframework.beans.factory.support.AbstractAutowireCapableBeanFactory.createBean(AbstractAutowireCapableBeanFactory.java:476)
	at org.springframework.beans.factory.support.AbstractBeanFactory$1.getObject(AbstractBeanFactory.java:303)
	at org.springframework.beans.factory.support.DefaultSingletonBeanRegistry.getSingleton(DefaultSingletonBeanRegistry.java:230)
	at org.springframework.beans.factory.support.AbstractBeanFactory.doGetBean(AbstractBeanFactory.java:299)
	at org.springframework.beans.factory.support.AbstractBeanFactory.getBean(AbstractBeanFactory.java:194)
	at org.springframework.beans.factory.support.BeanDefinitionValueResolver.resolveReference(BeanDefinitionValueResolver.java:351)
	... 45 more
Caused by: org.springframework.core.NestedIOException: Failed to parse mapping resource: 'file [G:\project4learn\bhz\bhz-sys-service\target\classes\mappers\SysUserMapper.xml]'; nested exception is org.apache.ibatis.builder.BuilderException: Error parsing Mapper XML. Cause: org.apache.ibatis.builder.BuilderException: Error resolving class. Cause: org.apache.ibatis.type.TypeException: Could not resolve type alias 'SysUser'.  Cause: java.lang.ClassNotFoundException: Cannot find class: SysUser
	at org.mybatis.spring.SqlSessionFactoryBean.buildSqlSessionFactory(SqlSessionFactoryBean.java:468)
	at org.mybatis.spring.SqlSessionFactoryBean.afterPropertiesSet(SqlSessionFactoryBean.java:343)
	at org.springframework.beans.factory.support.AbstractAutowireCapableBeanFactory.invokeInitMethods(AbstractAutowireCapableBeanFactory.java:1625)
	at org.springframework.beans.factory.support.AbstractAutowireCapableBeanFactory.initializeBean(AbstractAutowireCapableBeanFactory.java:1562)
	... 52 more
Caused by: org.apache.ibatis.builder.BuilderException: Error parsing Mapper XML. Cause: org.apache.ibatis.builder.BuilderException: Error resolving class. Cause: org.apache.ibatis.type.TypeException: Could not resolve type alias 'SysUser'.  Cause: java.lang.ClassNotFoundException: Cannot find class: SysUser
	at org.apache.ibatis.builder.xml.XMLMapperBuilder.configurationElement(XMLMapperBuilder.java:120)
	at org.apache.ibatis.builder.xml.XMLMapperBuilder.parse(XMLMapperBuilder.java:92)
	at org.mybatis.spring.SqlSessionFactoryBean.buildSqlSessionFactory(SqlSessionFactoryBean.java:466)
	... 55 more
Caused by: org.apache.ibatis.builder.BuilderException: Error resolving class. Cause: org.apache.ibatis.type.TypeException: Could not resolve type alias 'SysUser'.  Cause: java.lang.ClassNotFoundException: Cannot find class: SysUser
	at org.apache.ibatis.builder.BaseBuilder.resolveClass(BaseBuilder.java:118)
	at org.apache.ibatis.builder.xml.XMLMapperBuilder.resultMapElement(XMLMapperBuilder.java:265)
	at org.apache.ibatis.builder.xml.XMLMapperBuilder.resultMapElement(XMLMapperBuilder.java:252)
	at org.apache.ibatis.builder.xml.XMLMapperBuilder.resultMapElements(XMLMapperBuilder.java:244)
	at org.apache.ibatis.builder.xml.XMLMapperBuilder.configurationElement(XMLMapperBuilder.java:116)
	... 57 more
Caused by: org.apache.ibatis.type.TypeException: Could not resolve type alias 'SysUser'.  Cause: java.lang.ClassNotFoundException: Cannot find class: SysUser
	at org.apache.ibatis.type.TypeAliasRegistry.resolveAlias(TypeAliasRegistry.java:120)
	at org.apache.ibatis.builder.BaseBuilder.resolveAlias(BaseBuilder.java:149)
	at org.apache.ibatis.builder.BaseBuilder.resolveClass(BaseBuilder.java:116)
	... 61 more
Caused by: java.lang.ClassNotFoundException: Cannot find class: SysUser
	at org.apache.ibatis.io.ClassLoaderWrapper.classForName(ClassLoaderWrapper.java:200)
	at org.apache.ibatis.io.ClassLoaderWrapper.classForName(ClassLoaderWrapper.java:89)
	at org.apache.ibatis.io.Resources.classForName(Resources.java:261)
	at org.apache.ibatis.type.TypeAliasRegistry.resolveAlias(TypeAliasRegistry.java:116)
	... 63 more
2018-02-11 11:27:36,658 INFO [com.alibaba.dubbo.config.AbstractConfig] -  [DUBBO] Run shutdown hook now., dubbo version: 2.8.4, current host: 127.0.0.1
2018-02-11 11:27:36,660 INFO [com.alibaba.dubbo.registry.support.AbstractRegistryFactory] -  [DUBBO] Close all registries [], dubbo version: 2.8.4, current host: 127.0.0.1
2018-02-11 11:30:56,713 INFO [com.alibaba.dubbo.common.logger.LoggerFactory] - using logger: com.alibaba.dubbo.common.logger.log4j.Log4jLoggerAdapter
2018-02-11 11:30:57,657 INFO [com.alibaba.dubbo.config.AbstractConfig] -  [DUBBO] Export dubbo service bhz.sys.facade.SysUserFacade to local registry, dubbo version: 2.8.4, current host: 127.0.0.1
2018-02-11 11:30:57,657 INFO [com.alibaba.dubbo.config.AbstractConfig] -  [DUBBO] Export dubbo service bhz.sys.facade.SysUserFacade to url rest://192.168.94.1:8888/bhz-sys-service/bhz.sys.facade.SysUserFacade?accepts=500&anyhost=true&application=bhz-sys-service&default.timeout=50000&dubbo=2.8.4&generic=false&interface=bhz.sys.facade.SysUserFacade&methods=testpost,testget,postUser,getUser&organization=dubbox&owner=programmer&pid=20512&server=tomcat&side=provider&threads=500&timestamp=1518319857566, dubbo version: 2.8.4, current host: 127.0.0.1
2018-02-11 11:30:57,657 INFO [com.alibaba.dubbo.config.AbstractConfig] -  [DUBBO] Register dubbo service bhz.sys.facade.SysUserFacade url rest://192.168.94.1:8888/bhz-sys-service/bhz.sys.facade.SysUserFacade?accepts=500&anyhost=true&application=bhz-sys-service&default.timeout=50000&dubbo=2.8.4&generic=false&interface=bhz.sys.facade.SysUserFacade&methods=testpost,testget,postUser,getUser&organization=dubbox&owner=programmer&pid=20512&server=tomcat&side=provider&threads=500&timestamp=1518319857566 to registry registry://192.168.1.121:2181/com.alibaba.dubbo.registry.RegistryService?application=bhz-sys-service&backup=192.168.1.148:2181,192.168.1.151:2181&dubbo=2.8.4&organization=dubbox&owner=programmer&pid=20512&registry=zookeeper&timestamp=1518319857505, dubbo version: 2.8.4, current host: 127.0.0.1
2018-02-11 11:31:00,085 INFO [com.alibaba.dubbo.registry.zookeeper.ZookeeperRegistry] -  [DUBBO] Load registry store file C:\Users\huazhikai\.dubbo\dubbo-registry-192.168.1.121.cache, data: {bhz.sys.facade.SysUserFacade=empty://192.168.1.149/bhz.sys.facade.SysUserFacade?application=bhz-sys&category=configurators&default.timeout=50000&dubbo=2.8.4&interface=bhz.sys.facade.SysUserFacade&methods=testpost,testget,postUser,getUser&organization=dubbox&owner=programmer&pid=18660&revision=0.0.1-SNAPSHOT&side=consumer&timeout=50000&timestamp=1518159945496 empty://192.168.1.149/bhz.sys.facade.SysUserFacade?application=bhz-sys&category=routers&default.timeout=50000&dubbo=2.8.4&interface=bhz.sys.facade.SysUserFacade&methods=testpost,testget,postUser,getUser&organization=dubbox&owner=programmer&pid=18660&revision=0.0.1-SNAPSHOT&side=consumer&timeout=50000&timestamp=1518159945496 dubbo://192.168.1.152:20880/bhz.sys.facade.SysUserFacade?anyhost=true&application=bhz-sys-service&default.timeout=50000&dubbo=2.8.4&generic=false&interface=bhz.sys.facade.SysUserFacade&methods=testpost,testget,postUser,getUser&optimizer=bhz.sys.serial.SerializationOptimizerImpl&organization=dubbox&owner=programmer&pid=3673&revision=0.0.1-SNAPSHOT&serialization=kryo&side=provider&timestamp=1518184917659 rest://192.168.1.152:8888/bhz-sys-service/bhz.sys.facade.SysUserFacade?accepts=500&anyhost=true&application=bhz-sys-service&default.timeout=50000&dubbo=2.8.4&generic=false&interface=bhz.sys.facade.SysUserFacade&methods=testpost,testget,postUser,getUser&organization=dubbox&owner=programmer&pid=3673&revision=0.0.1-SNAPSHOT&server=tomcat&side=provider&threads=500&timestamp=1518184916865}, dubbo version: 2.8.4, current host: 127.0.0.1
2018-02-11 11:31:00,111 INFO [org.I0Itec.zkclient.ZkEventThread] - Starting ZkClient event thread.
2018-02-11 11:31:09,132 INFO [org.apache.zookeeper.ZooKeeper] - Client environment:zookeeper.version=3.4.5-1392090, built on 09/30/2012 17:52 GMT
2018-02-11 11:31:09,132 INFO [org.apache.zookeeper.ZooKeeper] - Client environment:host.name=huazhikai1111
2018-02-11 11:31:09,132 INFO [org.apache.zookeeper.ZooKeeper] - Client environment:java.version=1.8.0_91
2018-02-11 11:31:09,133 INFO [org.apache.zookeeper.ZooKeeper] - Client environment:java.vendor=Oracle Corporation
2018-02-11 11:31:09,133 INFO [org.apache.zookeeper.ZooKeeper] - Client environment:java.home=C:\Program Files\Java\Java_64\jdk1.8.0_91\jre
2018-02-11 11:31:09,133 INFO [org.apache.zookeeper.ZooKeeper] - Client environment:java.class.path=G:\project4learn\bhz\bhz-sys-service\target\test-classes;G:\project4learn\bhz\bhz-sys-service\target\classes;G:\apache-tomcat-7.0.84-win64-bhz\lib\annotations-api.jar;G:\apache-tomcat-7.0.84-win64-bhz\lib\catalina-ant.jar;G:\apache-tomcat-7.0.84-win64-bhz\lib\catalina-ha.jar;G:\apache-tomcat-7.0.84-win64-bhz\lib\catalina-tribes.jar;G:\apache-tomcat-7.0.84-win64-bhz\lib\catalina.jar;G:\apache-tomcat-7.0.84-win64-bhz\lib\ecj-4.4.2.jar;G:\apache-tomcat-7.0.84-win64-bhz\lib\el-api.jar;G:\apache-tomcat-7.0.84-win64-bhz\lib\jasper-el.jar;G:\apache-tomcat-7.0.84-win64-bhz\lib\jasper.jar;G:\apache-tomcat-7.0.84-win64-bhz\lib\jsp-api.jar;G:\apache-tomcat-7.0.84-win64-bhz\lib\servlet-api.jar;G:\apache-tomcat-7.0.84-win64-bhz\lib\tomcat-api.jar;G:\apache-tomcat-7.0.84-win64-bhz\lib\tomcat-coyote.jar;G:\apache-tomcat-7.0.84-win64-bhz\lib\tomcat-dbcp.jar;G:\apache-tomcat-7.0.84-win64-bhz\lib\tomcat-i18n-es.jar;G:\apache-tomcat-7.0.84-win64-bhz\lib\tomcat-i18n-fr.jar;G:\apache-tomcat-7.0.84-win64-bhz\lib\tomcat-i18n-ja.jar;G:\apache-tomcat-7.0.84-win64-bhz\lib\tomcat-jdbc.jar;G:\apache-tomcat-7.0.84-win64-bhz\lib\tomcat-util.jar;G:\apache-tomcat-7.0.84-win64-bhz\lib\tomcat7-websocket.jar;G:\apache-tomcat-7.0.84-win64-bhz\lib\websocket-api.jar;G:\project4learn\bhz\bhz-comm\target\classes;G:\project4learn\bhz\bhz-sys-facade\target\classes;F:\myspring\repository\junit\junit\4.11\junit-4.11.jar;F:\myspring\repository\org\hamcrest\hamcrest-core\1.3\hamcrest-core-1.3.jar;F:\myspring\repository\org\springframework\spring-test\4.1.5.RELEASE\spring-test-4.1.5.RELEASE.jar;F:\myspring\repository\org\springframework\spring-core\4.1.5.RELEASE\spring-core-4.1.5.RELEASE.jar;F:\myspring\repository\org\springframework\spring-webmvc\4.1.5.RELEASE\spring-webmvc-4.1.5.RELEASE.jar;F:\myspring\repository\org\springframework\spring-beans\4.1.5.RELEASE\spring-beans-4.1.5.RELEASE.jar;F:\myspring\repository\org\springframework\spring-context\4.1.5.RELEASE\spring-context-4.1.5.RELEASE.jar;F:\myspring\repository\org\springframework\spring-expression\4.1.5.RELEASE\spring-expression-4.1.5.RELEASE.jar;F:\myspring\repository\org\springframework\spring-web\4.1.5.RELEASE\spring-web-4.1.5.RELEASE.jar;F:\myspring\repository\org\springframework\spring-jdbc\4.1.5.RELEASE\spring-jdbc-4.1.5.RELEASE.jar;F:\myspring\repository\org\springframework\spring-tx\4.1.5.RELEASE\spring-tx-4.1.5.RELEASE.jar;F:\myspring\repository\org\springframework\spring-orm\4.1.5.RELEASE\spring-orm-4.1.5.RELEASE.jar;F:\myspring\repository\org\springframework\spring-aop\4.1.5.RELEASE\spring-aop-4.1.5.RELEASE.jar;F:\myspring\repository\aopalliance\aopalliance\1.0\aopalliance-1.0.jar;F:\myspring\repository\org\springframework\spring-aspects\4.1.5.RELEASE\spring-aspects-4.1.5.RELEASE.jar;F:\myspring\repository\org\aspectj\aspectjweaver\1.8.5\aspectjweaver-1.8.5.jar;F:\myspring\repository\com\cloudhopper\proxool\proxool\0.9.1\proxool-0.9.1.jar;F:\myspring\repository\com\cloudhopper\proxool\proxool-cglib\0.9.1\proxool-cglib-0.9.1.jar;F:\myspring\repository\avalon-framework\avalon-framework-api\4.3\avalon-framework-api-4.3.jar;F:\myspring\repository\avalon-logkit\avalon-logkit\2.1\avalon-logkit-2.1.jar;F:\myspring\repository\geronimo-spec\geronimo-spec-javamail\1.3.1-rc3\geronimo-spec-javamail-1.3.1-rc3.jar;F:\myspring\repository\geronimo-spec\geronimo-spec-jms\1.1-rc4\geronimo-spec-jms-1.1-rc4.jar;F:\myspring\repository\commons-fileupload\commons-fileupload\1.2.2\commons-fileupload-1.2.2.jar;F:\myspring\repository\org\apache\commons\commons-lang3\3.3.1\commons-lang3-3.3.1.jar;F:\myspring\repository\commons-io\commons-io\2.4\commons-io-2.4.jar;F:\myspring\repository\commons-dbcp\commons-dbcp\1.4\commons-dbcp-1.4.jar;F:\myspring\repository\commons-pool\commons-pool\1.5.4\commons-pool-1.5.4.jar;F:\myspring\repository\commons-logging\commons-logging\1.1.3\commons-logging-1.1.3.jar;F:\myspring\repository\commons-codec\commons-codec\1.6\commons-codec-1.6.jar;F:\myspring\repository\org\codehaus\jackson\jackson-mapper-asl\1.9.11\jackson-mapper-asl-1.9.11.jar;F:\myspring\repository\org\codehaus\jackson\jackson-core-asl\1.9.11\jackson-core-asl-1.9.11.jar;F:\myspring\repository\com\alibaba\fastjson\1.1.26\fastjson-1.1.26.jar;F:\myspring\repository\org\slf4j\slf4j-api\1.7.6\slf4j-api-1.7.6.jar;F:\myspring\repository\org\slf4j\jul-to-slf4j\1.7.6\jul-to-slf4j-1.7.6.jar;F:\myspring\repository\org\slf4j\jcl-over-slf4j\1.7.6\jcl-over-slf4j-1.7.6.jar;F:\myspring\repository\log4j\log4j\1.2.15\log4j-1.2.15.jar;F:\myspring\repository\javax\mail\mail\1.4\mail-1.4.jar;F:\myspring\repository\com\oracle\ojdbc14\10.2.0.4.0\ojdbc14-10.2.0.4.0.jar;F:\myspring\repository\mysql\mysql-connector-java\5.1.29\mysql-connector-java-5.1.29.jar;F:\myspring\repository\javax\servlet\jstl\1.2\jstl-1.2.jar;F:\myspring\repository\javax\servlet\servlet-api\3.0-alpha-1\servlet-api-3.0-alpha-1.jar;F:\myspring\repository\com\alibaba\rocketmq\rocketmq-client\3.2.6\rocketmq-client-3.2.6.jar;F:\myspring\repository\com\alibaba\rocketmq\rocketmq-common\3.2.6\rocketmq-common-3.2.6.jar;F:\myspring\repository\com\alibaba\rocketmq\rocketmq-remoting\3.2.6\rocketmq-remoting-3.2.6.jar;F:\myspring\repository\io\netty\netty-all\4.0.25.Final\netty-all-4.0.25.Final.jar;F:\myspring\repository\org\apache\httpcomponents\httpclient-cache\4.3.1\httpclient-cache-4.3.1.jar;F:\myspring\repository\org\apache\httpcomponents\httpclient\4.3.1\httpclient-4.3.1.jar;F:\myspring\repository\org\apache\httpcomponents\httpcore\4.3.1\httpcore-4.3.1.jar;F:\myspring\repository\org\apache\zookeeper\zookeeper\3.4.5\zookeeper-3.4.5.jar;F:\myspring\repository\org\slf4j\slf4j-log4j12\1.6.1\slf4j-log4j12-1.6.1.jar;F:\myspring\repository\jline\jline\0.9.94\jline-0.9.94.jar;F:\myspring\repository\org\jboss\netty\netty\3.2.2.Final\netty-3.2.2.Final.jar;F:\myspring\repository\com\101tec\zkclient\0.7\zkclient-0.7.jar;F:\myspring\repository\org\apache\curator\curator-framework\2.5.0\curator-framework-2.5.0.jar;F:\myspring\repository\org\apache\curator\curator-client\2.5.0\curator-client-2.5.0.jar;F:\myspring\repository\com\google\guava\guava\16.0.1\guava-16.0.1.jar;F:\myspring\repository\org\apache\curator\curator-recipes\2.4.2\curator-recipes-2.4.2.jar;F:\myspring\repository\redis\clients\jedis\2.7.2\jedis-2.7.2.jar;F:\myspring\repository\org\apache\commons\commons-pool2\2.3\commons-pool2-2.3.jar;F:\myspring\repository\com\alibaba\dubbo\2.8.4\dubbo-2.8.4.jar;F:\myspring\repository\org\apache\tomcat\embed\tomcat-embed-core\8.0.11\tomcat-embed-core-8.0.11.jar;F:\myspring\repository\org\apache\tomcat\embed\tomcat-embed-logging-juli\8.0.11\tomcat-embed-logging-juli-8.0.11.jar;F:\myspring\repository\org\javassist\javassist\3.20.0-GA\javassist-3.20.0-GA.jar;F:\myspring\repository\org\apache\mina\mina-core\1.1.7\mina-core-1.1.7.jar;F:\myspring\repository\org\glassfish\grizzly\grizzly-core\2.1.4\grizzly-core-2.1.4.jar;F:\myspring\repository\org\glassfish\grizzly\grizzly-framework\2.1.4\grizzly-framework-2.1.4.jar;F:\myspring\repository\org\glassfish\gmbal\gmbal-api-only\3.0.0-b023\gmbal-api-only-3.0.0-b023.jar;F:\myspring\repository\org\glassfish\external\management-api\3.0.0-b012\management-api-3.0.0-b012.jar;F:\myspring\repository\org\glassfish\grizzly\grizzly-portunif\2.1.4\grizzly-portunif-2.1.4.jar;F:\myspring\repository\org\glassfish\grizzly\grizzly-rcm\2.1.4\grizzly-rcm-2.1.4.jar;F:\myspring\repository\com\thoughtworks\xstream\xstream\1.4.1\xstream-1.4.1.jar;F:\myspring\repository\xmlpull\xmlpull\1.1.3.1\xmlpull-1.1.3.1.jar;F:\myspring\repository\xpp3\xpp3_min\1.1.4c\xpp3_min-1.1.4c.jar;F:\myspring\repository\org\apache\bsf\bsf-api\3.1\bsf-api-3.1.jar;F:\myspring\repository\com\googlecode\xmemcached\xmemcached\1.3.6\xmemcached-1.3.6.jar;F:\myspring\repository\org\apache\cxf\cxf-rt-frontend-simple\2.6.1\cxf-rt-frontend-simple-2.6.1.jar;F:\myspring\repository\org\apache\cxf\cxf-api\2.6.1\cxf-api-2.6.1.jar;F:\myspring\repository\org\codehaus\woodstox\woodstox-core-asl\4.1.2\woodstox-core-asl-4.1.2.jar;F:\myspring\repository\org\codehaus\woodstox\stax2-api\3.1.1\stax2-api-3.1.1.jar;F:\myspring\repository\org\apache\ws\xmlschema\xmlschema-core\2.0.2\xmlschema-core-2.0.2.jar;F:\myspring\repository\org\apache\geronimo\specs\geronimo-javamail_1.4_spec\1.7.1\geronimo-javamail_1.4_spec-1.7.1.jar;F:\myspring\repository\wsdl4j\wsdl4j\1.6.2\wsdl4j-1.6.2.jar;F:\myspring\repository\org\apache\cxf\cxf-rt-core\2.6.1\cxf-rt-core-2.6.1.jar;F:\myspring\repository\org\apache\cxf\cxf-rt-bindings-soap\2.6.1\cxf-rt-bindings-soap-2.6.1.jar;F:\myspring\repository\org\apache\cxf\cxf-rt-databinding-jaxb\2.6.1\cxf-rt-databinding-jaxb-2.6.1.jar;F:\myspring\repository\org\apache\cxf\cxf-rt-transports-http\2.6.1\cxf-rt-transports-http-2.6.1.jar;F:\myspring\repository\org\apache\thrift\libthrift\0.8.0\libthrift-0.8.0.jar;F:\myspring\repository\commons-lang\commons-lang\2.5\commons-lang-2.5.jar;F:\myspring\repository\com\caucho\hessian\4.0.7\hessian-4.0.7.jar;F:\myspring\repository\org\mortbay\jetty\jetty\6.1.26\jetty-6.1.26.jar;F:\myspring\repository\org\mortbay\jetty\jetty-util\6.1.26\jetty-util-6.1.26.jar;F:\myspring\repository\javax\validation\validation-api\1.0.0.GA\validation-api-1.0.0.GA.jar;F:\myspring\repository\org\hibernate\hibernate-validator\4.2.0.Final\hibernate-validator-4.2.0.Final.jar;F:\myspring\repository\javax\cache\cache-api\0.4\cache-api-0.4.jar;F:\myspring\repository\javax\ws\rs\javax.ws.rs-api\2.0\javax.ws.rs-api-2.0.jar;F:\myspring\repository\org\jboss\resteasy\resteasy-jaxrs\3.0.7.Final\resteasy-jaxrs-3.0.7.Final.jar;F:\myspring\repository\org\jboss\resteasy\jaxrs-api\3.0.7.Final\jaxrs-api-3.0.7.Final.jar;F:\myspring\repository\org\jboss\spec\javax\annotation\jboss-annotations-api_1.1_spec\1.0.1.Final\jboss-annotations-api_1.1_spec-1.0.1.Final.jar;F:\myspring\repository\javax\activation\activation\1.1\activation-1.1.jar;F:\myspring\repository\net\jcip\jcip-annotations\1.0\jcip-annotations-1.0.jar;F:\myspring\repository\org\jboss\resteasy\resteasy-client\3.0.7.Final\resteasy-client-3.0.7.Final.jar;F:\myspring\repository\org\jboss\resteasy\resteasy-netty\3.0.7.Final\resteasy-netty-3.0.7.Final.jar;F:\myspring\repository\io\netty\netty\3.6.4.Final\netty-3.6.4.Final.jar;F:\myspring\repository\org\jboss\resteasy\resteasy-jdk-http\3.0.7.Final\resteasy-jdk-http-3.0.7.Final.jar;F:\myspring\repository\org\jboss\resteasy\resteasy-jackson-provider\3.0.7.Final\resteasy-jackson-provider-3.0.7.Final.jar;F:\myspring\repository\org\codehaus\jackson\jackson-jaxrs\1.9.12\jackson-jaxrs-1.9.12.jar;F:\myspring\repository\org\codehaus\jackson\jackson-xc\1.9.12\jackson-xc-1.9.12.jar;F:\myspring\repository\org\jboss\resteasy\resteasy-jaxb-provider\3.0.7.Final\resteasy-jaxb-provider-3.0.7.Final.jar;F:\myspring\repository\com\sun\xml\bind\jaxb-impl\2.2.7\jaxb-impl-2.2.7.jar;F:\myspring\repository\com\sun\xml\bind\jaxb-core\2.2.7\jaxb-core-2.2.7.jar;F:\myspring\repository\javax\xml\bind\jaxb-api\2.2.7\jaxb-api-2.2.7.jar;F:\myspring\repository\com\sun\istack\istack-commons-runtime\2.16\istack-commons-runtime-2.16.jar;F:\myspring\repository\com\sun\xml\fastinfoset\FastInfoset\1.2.12\FastInfoset-1.2.12.jar;F:\myspring\repository\javax\xml\bind\jsr173_api\1.0\jsr173_api-1.0.jar;F:\myspring\repository\com\esotericsoftware\kryo\kryo\2.24.0\kryo-2.24.0.jar;F:\myspring\repository\com\esotericsoftware\minlog\minlog\1.2\minlog-1.2.jar;F:\myspring\repository\org\objenesis\objenesis\2.1\objenesis-2.1.jar;F:\myspring\repository\de\javakaffee\kryo-serializers\0.26\kryo-serializers-0.26.jar;F:\myspring\repository\de\ruedigermoeller\fst\1.55\fst-1.55.jar;F:\myspring\repository\org\jasig\cas\client\cas-client-core\3.1.12\cas-client-core-3.1.12.jar;F:\myspring\repository\net\sf\ehcache\ehcache-core\2.6.8\ehcache-core-2.6.8.jar;F:\myspring\repository\org\mybatis\mybatis\3.3.0\mybatis-3.3.0.jar;F:\myspring\repository\org\mybatis\mybatis-spring\1.2.3\mybatis-spring-1.2.3.jar;F:\myspring\repository\org\mybatis\mybatis-ehcache\1.0.0\mybatis-ehcache-1.0.0.jar
2018-02-11 11:31:09,136 INFO [org.apache.zookeeper.ZooKeeper] - Client environment:java.library.path=C:\Program Files\Java\Java_64\jdk1.8.0_91\bin;C:\WINDOWS\Sun\Java\bin;C:\WINDOWS\system32;C:\WINDOWS;C:\Perl\site\bin;C:\Perl\bin;C:\Program Files (x86)\RSA SecurID Token Common;F:\extend-jar\apache-cxf-2.7.7\bin;G:\app\huazhikai111\product\11.2.0\dbhome_1\bin;G:\app\huazhikai111\product\11.2.0\client_2;C:\Program Files\Java\Java_64\jdk1.8.0_91\bin;C:\Program Files\Java\Java_64\jdk1.8.0_91\jre\bin;C:\Program Files (x86)\Intel\iCLS Client\;C:\Program Files\Intel\iCLS Client\;C:\WINDOWS\system32;C:\WINDOWS;C:\WINDOWS\System32\Wbem;C:\WINDOWS\System32\WindowsPowerShell\v1.0\;C:\Program Files\Hewlett-Packard\SimplePass\;C:\Program Files\Intel\Intel(R) Management Engine Components\DAL;C:\Program Files\Intel\Intel(R) Management Engine Components\IPT;C:\Program Files (x86)\Intel\Intel(R) Management Engine Components\DAL;C:\Program Files (x86)\Intel\Intel(R) Management Engine Components\IPT;C:\Program Files (x86)\MySQL\MySQL Server 5.5\bin;F:\apache-ant-1.9.6\bin;C:\Program Files\nodejs\;C:\Program Files (x86)\Skype\Phone\;C:\Program Files\Java\Java_64\jdk1.8.0_91\bin;C:\Program Files (x86)\MySQL\MySQL Server 5.5\bin;C:\Program Files (x86)\SSH Communications Security\SSH Secure Shell;C:\Users\huazhikai\AppData\Roaming\npm;G:\gradle-4.1\bin;.
2018-02-11 11:31:09,137 INFO [org.apache.zookeeper.ZooKeeper] - Client environment:java.io.tmpdir=C:\Users\HUAZHI~1\AppData\Local\Temp\
2018-02-11 11:31:09,137 INFO [org.apache.zookeeper.ZooKeeper] - Client environment:java.compiler=<NA>
2018-02-11 11:31:09,137 INFO [org.apache.zookeeper.ZooKeeper] - Client environment:os.name=Windows 10
2018-02-11 11:31:09,138 INFO [org.apache.zookeeper.ZooKeeper] - Client environment:os.arch=amd64
2018-02-11 11:31:09,138 INFO [org.apache.zookeeper.ZooKeeper] - Client environment:os.version=10.0
2018-02-11 11:31:09,138 INFO [org.apache.zookeeper.ZooKeeper] - Client environment:user.name=huazhikai111
2018-02-11 11:31:09,138 INFO [org.apache.zookeeper.ZooKeeper] - Client environment:user.home=C:\Users\huazhikai
2018-02-11 11:31:09,139 INFO [org.apache.zookeeper.ZooKeeper] - Client environment:user.dir=G:\project4learn\bhz\bhz-sys-service
2018-02-11 11:31:09,142 INFO [org.apache.zookeeper.ZooKeeper] - Initiating client connection, connectString=192.168.1.121:2181,192.168.1.148:2181,192.168.1.151:2181 sessionTimeout=60000 watcher=org.I0Itec.zkclient.ZkClient@28e19366
2018-02-11 11:31:09,288 INFO [org.I0Itec.zkclient.ZkClient] - Waiting for keeper state SyncConnected
2018-02-11 11:31:14,289 INFO [org.I0Itec.zkclient.ZkEventThread] - Terminate ZkClient event thread.
2018-02-11 11:31:18,353 INFO [org.apache.zookeeper.ClientCnxn] - Opening socket connection to server 192.168.1.121/192.168.1.121:2181. Will not attempt to authenticate using SASL (unknown error)
2018-02-11 11:31:18,380 INFO [org.apache.zookeeper.ClientCnxn] - Socket connection established to 192.168.1.121/192.168.1.121:2181, initiating session
2018-02-11 11:31:18,420 INFO [org.apache.zookeeper.ClientCnxn] - Session establishment complete on server 192.168.1.121/192.168.1.121:2181, sessionid = 0x2616ac7829f0000, negotiated timeout = 40000
2018-02-11 11:31:18,427 INFO [org.apache.zookeeper.ZooKeeper] - Session: 0x2616ac7829f0000 closed
2018-02-11 11:31:18,427 INFO [org.apache.zookeeper.ClientCnxn] - EventThread shut down
2018-02-11 11:31:18,431 WARN [org.springframework.context.support.ClassPathXmlApplicationContext] - Exception encountered during context initialization - cancelling refresh attempt
org.springframework.beans.factory.BeanCreationException: Error creating bean with name 'sysUserService' defined in file [G:\project4learn\bhz\bhz-sys-service\target\classes\bhz\sys\service\SysUserService.class]: Initialization of bean failed; nested exception is org.I0Itec.zkclient.exception.ZkTimeoutException: Unable to connect to zookeeper server within timeout: 5000
	at org.springframework.beans.factory.support.AbstractAutowireCapableBeanFactory.doCreateBean(AbstractAutowireCapableBeanFactory.java:547)
	at org.springframework.beans.factory.support.AbstractAutowireCapableBeanFactory.createBean(AbstractAutowireCapableBeanFactory.java:476)
	at org.springframework.beans.factory.support.AbstractBeanFactory$1.getObject(AbstractBeanFactory.java:303)
	at org.springframework.beans.factory.support.DefaultSingletonBeanRegistry.getSingleton(DefaultSingletonBeanRegistry.java:230)
	at org.springframework.beans.factory.support.AbstractBeanFactory.doGetBean(AbstractBeanFactory.java:299)
	at org.springframework.beans.factory.support.AbstractBeanFactory.getBean(AbstractBeanFactory.java:194)
	at org.springframework.beans.factory.support.DefaultListableBeanFactory.preInstantiateSingletons(DefaultListableBeanFactory.java:755)
	at org.springframework.context.support.AbstractApplicationContext.finishBeanFactoryInitialization(AbstractApplicationContext.java:757)
	at org.springframework.context.support.AbstractApplicationContext.refresh(AbstractApplicationContext.java:480)
	at org.springframework.context.support.ClassPathXmlApplicationContext.<init>(ClassPathXmlApplicationContext.java:139)
	at org.springframework.context.support.ClassPathXmlApplicationContext.<init>(ClassPathXmlApplicationContext.java:93)
	at bhz.test.Provider.main(Provider.java:9)
Caused by: org.I0Itec.zkclient.exception.ZkTimeoutException: Unable to connect to zookeeper server within timeout: 5000
	at org.I0Itec.zkclient.ZkClient.connect(ZkClient.java:1223)
	at org.I0Itec.zkclient.ZkClient.<init>(ZkClient.java:155)
	at org.I0Itec.zkclient.ZkClient.<init>(ZkClient.java:129)
	at org.I0Itec.zkclient.ZkClient.<init>(ZkClient.java:125)
	at org.I0Itec.zkclient.ZkClient.<init>(ZkClient.java:92)
	at com.alibaba.dubbo.remoting.zookeeper.zkclient.ZkclientZookeeperClient.<init>(ZkclientZookeeperClient.java:29)
	at com.alibaba.dubbo.remoting.zookeeper.zkclient.ZkclientZookeeperTransporter.connect(ZkclientZookeeperTransporter.java:10)
	at com.alibaba.dubbo.remoting.zookeeper.ZookeeperTransporter$Adpative.connect(ZookeeperTransporter$Adpative.java)
	at com.alibaba.dubbo.registry.zookeeper.ZookeeperRegistry.<init>(ZookeeperRegistry.java:69)
	at com.alibaba.dubbo.registry.zookeeper.ZookeeperRegistryFactory.createRegistry(ZookeeperRegistryFactory.java:37)
	at com.alibaba.dubbo.registry.support.AbstractRegistryFactory.getRegistry(AbstractRegistryFactory.java:94)
	at com.alibaba.dubbo.registry.RegistryFactory$Adpative.getRegistry(RegistryFactory$Adpative.java)
	at com.alibaba.dubbo.registry.integration.RegistryProtocol.getRegistry(RegistryProtocol.java:190)
	at com.alibaba.dubbo.registry.integration.RegistryProtocol.export(RegistryProtocol.java:109)
	at com.alibaba.dubbo.rpc.protocol.ProtocolListenerWrapper.export(ProtocolListenerWrapper.java:54)
	at com.alibaba.dubbo.rpc.protocol.ProtocolFilterWrapper.export(ProtocolFilterWrapper.java:53)
	at com.alibaba.dubbo.rpc.Protocol$Adpative.export(Protocol$Adpative.java)
	at com.alibaba.dubbo.config.ServiceConfig.doExportUrlsFor1Protocol(ServiceConfig.java:489)
	at com.alibaba.dubbo.config.ServiceConfig.doExportUrls(ServiceConfig.java:285)
	at com.alibaba.dubbo.config.ServiceConfig.doExport(ServiceConfig.java:246)
	at com.alibaba.dubbo.config.ServiceConfig.export(ServiceConfig.java:145)
	at com.alibaba.dubbo.config.spring.AnnotationBean.postProcessAfterInitialization(AnnotationBean.java:202)
	at org.springframework.beans.factory.support.AbstractAutowireCapableBeanFactory.applyBeanPostProcessorsAfterInitialization(AbstractAutowireCapableBeanFactory.java:422)
	at org.springframework.beans.factory.support.AbstractAutowireCapableBeanFactory.initializeBean(AbstractAutowireCapableBeanFactory.java:1571)
	at org.springframework.beans.factory.support.AbstractAutowireCapableBeanFactory.doCreateBean(AbstractAutowireCapableBeanFactory.java:539)
	... 11 more
2018-02-11 11:31:18,440 WARN [org.springframework.beans.factory.support.DisposableBeanAdapter] - Invocation of destroy method 'close' failed on bean with name 'sqlSessionTemplate': java.lang.UnsupportedOperationException: Manual close is not allowed over a Spring managed SqlSession
2018-02-11 11:31:49,853 INFO [com.alibaba.dubbo.config.AbstractConfig] -  [DUBBO] Run shutdown hook now., dubbo version: 2.8.4, current host: 127.0.0.1
2018-02-11 11:31:49,854 INFO [com.alibaba.dubbo.registry.support.AbstractRegistryFactory] -  [DUBBO] Close all registries [], dubbo version: 2.8.4, current host: 127.0.0.1
2018-02-11 11:31:49,855 INFO [com.alibaba.dubbo.rpc.protocol.rest.RestProtocol] -  [DUBBO] Closing the rest server at 192.168.94.1:8888, dubbo version: 2.8.4, current host: 127.0.0.1
2018-02-11 11:31:49,942 INFO [com.alibaba.dubbo.rpc.protocol.rest.RestProtocol] -  [DUBBO] Closing rest clients, dubbo version: 2.8.4, current host: 127.0.0.1
